<?xml version="1.0" encoding="utf-8"?>
<CoverageSession xmlns:xsd="http://www.w3.org/2001/XMLSchema" xmlns:xsi="http://www.w3.org/2001/XMLSchema-instance" Version="4.7.922.0">
  <Summary numSequencePoints="2387" visitedSequencePoints="1948" numBranchPoints="545" visitedBranchPoints="447" sequenceCoverage="81.61" branchCoverage="82.02" maxCyclomaticComplexity="10" minCyclomaticComplexity="1" maxCrapScore="56" minCrapScore="1" visitedClasses="35" numClasses="39" visitedMethods="277" numMethods="313" />
  <Modules>
    <Module hash="EC-18-6E-87-8D-E4-70-3F-1C-C5-D8-BA-7C-D6-E3-F0-5C-E7-F0-60">
      <Summary numSequencePoints="1129" visitedSequencePoints="1128" numBranchPoints="102" visitedBranchPoints="102" sequenceCoverage="99.91" branchCoverage="100" maxCyclomaticComplexity="1" minCyclomaticComplexity="1" maxCrapScore="2" minCrapScore="1" visitedClasses="18" numClasses="18" visitedMethods="102" numMethods="102" />
      <ModulePath>C:\Users\densu\Desktop\視窗\製作HW6\PPT\PPTTests\bin\Debug\fine-code-coverage\build-output\PPTTests.dll</ModulePath>
      <ModuleTime>2023-12-12T13:39:28.4968915Z</ModuleTime>
      <ModuleName>PPTTests</ModuleName>
      <Files>
        <File uid="1" fullPath="C:\Users\densu\Desktop\視窗\製作HW6\PPT\PPTTests\CommanPattern\CommandManagerTests.cs" />
        <File uid="2" fullPath="C:\Users\densu\Desktop\視窗\製作HW6\PPT\PPTTests\CommanPattern\DeleteCommandTests.cs" />
        <File uid="3" fullPath="C:\Users\densu\Desktop\視窗\製作HW6\PPT\PPTTests\CommanPattern\DrawCommandTests.cs" />
        <File uid="4" fullPath="C:\Users\densu\Desktop\視窗\製作HW6\PPT\PPTTests\CommanPattern\MoveCommandTests.cs" />
        <File uid="5" fullPath="C:\Users\densu\Desktop\視窗\製作HW6\PPT\PPTTests\CommanPattern\RandomCreateCommandTests.cs" />
        <File uid="6" fullPath="C:\Users\densu\Desktop\視窗\製作HW6\PPT\PPTTests\Mock\MockCommand.cs" />
        <File uid="7" fullPath="C:\Users\densu\Desktop\視窗\製作HW6\PPT\PPTTests\Mock\MockGraphics.cs" />
        <File uid="8" fullPath="C:\Users\densu\Desktop\視窗\製作HW6\PPT\PPTTests\Mock\MockModel.cs" />
        <File uid="9" fullPath="C:\Users\densu\Desktop\視窗\製作HW6\PPT\PPTTests\Shape\CircleTests.cs" />
        <File uid="10" fullPath="C:\Users\densu\Desktop\視窗\製作HW6\PPT\PPTTests\StatePattern\DrawingStateTests.cs" />
        <File uid="11" fullPath="C:\Users\densu\Desktop\視窗\製作HW6\PPT\PPTTests\Shape\FactoryTests.cs" />
        <File uid="12" fullPath="C:\Users\densu\Desktop\視窗\製作HW6\PPT\PPTTests\Shape\LineTests.cs" />
        <File uid="13" fullPath="C:\Users\densu\Desktop\視窗\製作HW6\PPT\PPTTests\Model\ModelTests.cs" />
        <File uid="14" fullPath="C:\Users\densu\Desktop\視窗\製作HW6\PPT\PPTTests\StatePattern\PointStateTests.cs" />
        <File uid="15" fullPath="C:\Users\densu\Desktop\視窗\製作HW6\PPT\PPTTests\Shape\RectangleTests.cs" />
        <File uid="16" fullPath="C:\Users\densu\Desktop\視窗\製作HW6\PPT\PPTTests\Shape\ShapesTests.cs" />
        <File uid="17" fullPath="C:\Users\densu\Desktop\視窗\製作HW6\PPT\PPTTests\StatePattern\ZoomStateTests.cs" />
        <File uid="18" fullPath="C:\Users\densu\Desktop\視窗\製作HW6\PPT\PPTTests\Model\PresentationModelTests.cs" />
      </Files>
      <Classes>
        <Class>
          <Summary numSequencePoints="89" visitedSequencePoints="89" numBranchPoints="4" visitedBranchPoints="4" sequenceCoverage="100" branchCoverage="100" maxCyclomaticComplexity="1" minCyclomaticComplexity="1" maxCrapScore="2" minCrapScore="1" visitedClasses="1" numClasses="1" visitedMethods="4" numMethods="4" />
          <FullName>PowerPoint.Tests.CommandManagerTests</FullName>
          <Methods>
            <Method visited="true" cyclomaticComplexity="1" nPathComplexity="0" sequenceCoverage="100" branchCoverage="100" crapScore="1" isConstructor="false" isStatic="false" isGetter="false" isSetter="false">
              <Summary numSequencePoints="5" visitedSequencePoints="5" numBranchPoints="1" visitedBranchPoints="1" sequenceCoverage="100" branchCoverage="100" maxCyclomaticComplexity="1" minCyclomaticComplexity="1" maxCrapScore="1" minCrapScore="1" visitedClasses="0" numClasses="0" visitedMethods="1" numMethods="1" />
              <MetadataToken>100663297</MetadataToken>
              <Name>System.Void PowerPoint.Tests.CommandManagerTests::Initialize()</Name>
              <FileRef uid="1" />
              <SequencePoints>
                <SequencePoint vc="3" uspid="1" ordinal="0" offset="0" sl="21" sc="9" el="21" ec="10" bec="0" bev="0" fileid="1" />
                <SequencePoint vc="3" uspid="2" ordinal="1" offset="1" sl="22" sc="13" el="22" ec="52" bec="0" bev="0" fileid="1" />
                <SequencePoint vc="3" uspid="3" ordinal="2" offset="12" sl="23" sc="13" el="23" ec="79" bec="0" bev="0" fileid="1" />
                <SequencePoint vc="3" uspid="4" ordinal="3" offset="29" sl="24" sc="13" el="24" ec="34" bec="0" bev="0" fileid="1" />
                <SequencePoint vc="3" uspid="5" ordinal="4" offset="40" sl="25" sc="9" el="25" ec="10" bec="0" bev="0" fileid="1" />
              </SequencePoints>
              <BranchPoints />
              <MethodPoint xsi:type="SequencePoint" vc="3" uspid="1" ordinal="0" offset="0" sl="21" sc="9" el="21" ec="10" bec="0" bev="0" fileid="1" />
            </Method>
            <Method visited="true" cyclomaticComplexity="1" nPathComplexity="0" sequenceCoverage="100" branchCoverage="100" crapScore="1" isConstructor="false" isStatic="false" isGetter="false" isSetter="false">
              <Summary numSequencePoints="22" visitedSequencePoints="22" numBranchPoints="1" visitedBranchPoints="1" sequenceCoverage="100" branchCoverage="100" maxCyclomaticComplexity="1" minCyclomaticComplexity="1" maxCrapScore="1" minCrapScore="1" visitedClasses="0" numClasses="0" visitedMethods="1" numMethods="1" />
              <MetadataToken>100663298</MetadataToken>
              <Name>System.Void PowerPoint.Tests.CommandManagerTests::ExecuteTest()</Name>
              <FileRef uid="1" />
              <SequencePoints>
                <SequencePoint vc="1" uspid="6" ordinal="0" offset="0" sl="30" sc="9" el="30" ec="10" bec="0" bev="0" fileid="1" />
                <SequencePoint vc="1" uspid="7" ordinal="1" offset="1" sl="31" sc="13" el="31" ec="51" bec="0" bev="0" fileid="1" />
                <SequencePoint vc="1" uspid="8" ordinal="2" offset="7" sl="32" sc="13" el="32" ec="51" bec="0" bev="0" fileid="1" />
                <SequencePoint vc="1" uspid="9" ordinal="3" offset="13" sl="33" sc="13" el="33" ec="51" bec="0" bev="0" fileid="1" />
                <SequencePoint vc="1" uspid="10" ordinal="4" offset="19" sl="34" sc="13" el="34" ec="51" bec="0" bev="0" fileid="1" />
                <SequencePoint vc="1" uspid="11" ordinal="5" offset="25" sl="35" sc="13" el="35" ec="59" bec="0" bev="0" fileid="1" />
                <SequencePoint vc="1" uspid="12" ordinal="6" offset="42" sl="36" sc="13" el="36" ec="59" bec="0" bev="0" fileid="1" />
                <SequencePoint vc="1" uspid="13" ordinal="7" offset="59" sl="37" sc="13" el="37" ec="47" bec="0" bev="0" fileid="1" />
                <SequencePoint vc="1" uspid="14" ordinal="8" offset="72" sl="38" sc="13" el="38" ec="70" bec="0" bev="0" fileid="1" />
                <SequencePoint vc="1" uspid="15" ordinal="9" offset="95" sl="39" sc="13" el="39" ec="70" bec="0" bev="0" fileid="1" />
                <SequencePoint vc="1" uspid="16" ordinal="10" offset="118" sl="40" sc="13" el="40" ec="47" bec="0" bev="0" fileid="1" />
                <SequencePoint vc="1" uspid="17" ordinal="11" offset="131" sl="41" sc="13" el="41" ec="70" bec="0" bev="0" fileid="1" />
                <SequencePoint vc="1" uspid="18" ordinal="12" offset="154" sl="42" sc="13" el="42" ec="70" bec="0" bev="0" fileid="1" />
                <SequencePoint vc="1" uspid="19" ordinal="13" offset="177" sl="43" sc="13" el="43" ec="47" bec="0" bev="0" fileid="1" />
                <SequencePoint vc="1" uspid="20" ordinal="14" offset="190" sl="44" sc="13" el="44" ec="70" bec="0" bev="0" fileid="1" />
                <SequencePoint vc="1" uspid="21" ordinal="15" offset="213" sl="45" sc="13" el="45" ec="70" bec="0" bev="0" fileid="1" />
                <SequencePoint vc="1" uspid="22" ordinal="16" offset="236" sl="46" sc="13" el="46" ec="47" bec="0" bev="0" fileid="1" />
                <SequencePoint vc="1" uspid="23" ordinal="17" offset="249" sl="47" sc="13" el="47" ec="70" bec="0" bev="0" fileid="1" />
                <SequencePoint vc="1" uspid="24" ordinal="18" offset="272" sl="48" sc="13" el="48" ec="70" bec="0" bev="0" fileid="1" />
                <SequencePoint vc="1" uspid="25" ordinal="19" offset="295" sl="49" sc="13" el="49" ec="58" bec="0" bev="0" fileid="1" />
                <SequencePoint vc="1" uspid="26" ordinal="20" offset="312" sl="50" sc="13" el="50" ec="59" bec="0" bev="0" fileid="1" />
                <SequencePoint vc="1" uspid="27" ordinal="21" offset="329" sl="51" sc="9" el="51" ec="10" bec="0" bev="0" fileid="1" />
              </SequencePoints>
              <BranchPoints />
              <MethodPoint xsi:type="SequencePoint" vc="1" uspid="6" ordinal="0" offset="0" sl="30" sc="9" el="30" ec="10" bec="0" bev="0" fileid="1" />
            </Method>
            <Method visited="true" cyclomaticComplexity="1" nPathComplexity="0" sequenceCoverage="100" branchCoverage="100" crapScore="1" isConstructor="false" isStatic="false" isGetter="false" isSetter="false">
              <Summary numSequencePoints="28" visitedSequencePoints="28" numBranchPoints="1" visitedBranchPoints="1" sequenceCoverage="100" branchCoverage="100" maxCyclomaticComplexity="1" minCyclomaticComplexity="1" maxCrapScore="1" minCrapScore="1" visitedClasses="0" numClasses="0" visitedMethods="1" numMethods="1" />
              <MetadataToken>100663299</MetadataToken>
              <Name>System.Void PowerPoint.Tests.CommandManagerTests::UndoTest()</Name>
              <FileRef uid="1" />
              <SequencePoints>
                <SequencePoint vc="1" uspid="28" ordinal="0" offset="0" sl="56" sc="9" el="56" ec="10" bec="0" bev="0" fileid="1" />
                <SequencePoint vc="1" uspid="29" ordinal="1" offset="1" sl="57" sc="13" el="57" ec="51" bec="0" bev="0" fileid="1" />
                <SequencePoint vc="1" uspid="30" ordinal="2" offset="7" sl="58" sc="13" el="58" ec="51" bec="0" bev="0" fileid="1" />
                <SequencePoint vc="1" uspid="31" ordinal="3" offset="13" sl="59" sc="13" el="59" ec="51" bec="0" bev="0" fileid="1" />
                <SequencePoint vc="1" uspid="32" ordinal="4" offset="19" sl="60" sc="13" el="60" ec="51" bec="0" bev="0" fileid="1" />
                <SequencePoint vc="1" uspid="33" ordinal="5" offset="25" sl="61" sc="13" el="61" ec="47" bec="0" bev="0" fileid="1" />
                <SequencePoint vc="1" uspid="34" ordinal="6" offset="38" sl="62" sc="13" el="62" ec="47" bec="0" bev="0" fileid="1" />
                <SequencePoint vc="1" uspid="35" ordinal="7" offset="51" sl="63" sc="13" el="63" ec="47" bec="0" bev="0" fileid="1" />
                <SequencePoint vc="1" uspid="36" ordinal="8" offset="64" sl="64" sc="13" el="64" ec="47" bec="0" bev="0" fileid="1" />
                <SequencePoint vc="1" uspid="37" ordinal="9" offset="77" sl="65" sc="13" el="65" ec="58" bec="0" bev="0" fileid="1" />
                <SequencePoint vc="1" uspid="38" ordinal="10" offset="94" sl="66" sc="13" el="66" ec="59" bec="0" bev="0" fileid="1" />
                <SequencePoint vc="1" uspid="39" ordinal="11" offset="111" sl="67" sc="13" el="67" ec="36" bec="0" bev="0" fileid="1" />
                <SequencePoint vc="1" uspid="40" ordinal="12" offset="123" sl="68" sc="13" el="68" ec="70" bec="0" bev="0" fileid="1" />
                <SequencePoint vc="1" uspid="41" ordinal="13" offset="146" sl="69" sc="13" el="69" ec="70" bec="0" bev="0" fileid="1" />
                <SequencePoint vc="1" uspid="42" ordinal="14" offset="169" sl="70" sc="13" el="70" ec="58" bec="0" bev="0" fileid="1" />
                <SequencePoint vc="1" uspid="43" ordinal="15" offset="186" sl="71" sc="13" el="71" ec="58" bec="0" bev="0" fileid="1" />
                <SequencePoint vc="1" uspid="44" ordinal="16" offset="203" sl="72" sc="13" el="72" ec="36" bec="0" bev="0" fileid="1" />
                <SequencePoint vc="1" uspid="45" ordinal="17" offset="215" sl="73" sc="13" el="73" ec="70" bec="0" bev="0" fileid="1" />
                <SequencePoint vc="1" uspid="46" ordinal="18" offset="238" sl="74" sc="13" el="74" ec="70" bec="0" bev="0" fileid="1" />
                <SequencePoint vc="1" uspid="47" ordinal="19" offset="261" sl="75" sc="13" el="75" ec="36" bec="0" bev="0" fileid="1" />
                <SequencePoint vc="1" uspid="48" ordinal="20" offset="273" sl="76" sc="13" el="76" ec="70" bec="0" bev="0" fileid="1" />
                <SequencePoint vc="1" uspid="49" ordinal="21" offset="296" sl="77" sc="13" el="77" ec="70" bec="0" bev="0" fileid="1" />
                <SequencePoint vc="1" uspid="50" ordinal="22" offset="319" sl="78" sc="13" el="78" ec="36" bec="0" bev="0" fileid="1" />
                <SequencePoint vc="1" uspid="51" ordinal="23" offset="331" sl="79" sc="13" el="79" ec="70" bec="0" bev="0" fileid="1" />
                <SequencePoint vc="1" uspid="52" ordinal="24" offset="354" sl="80" sc="13" el="80" ec="70" bec="0" bev="0" fileid="1" />
                <SequencePoint vc="1" uspid="53" ordinal="25" offset="377" sl="81" sc="13" el="81" ec="59" bec="0" bev="0" fileid="1" />
                <SequencePoint vc="1" uspid="54" ordinal="26" offset="394" sl="82" sc="13" el="82" ec="58" bec="0" bev="0" fileid="1" />
                <SequencePoint vc="1" uspid="55" ordinal="27" offset="411" sl="83" sc="9" el="83" ec="10" bec="0" bev="0" fileid="1" />
              </SequencePoints>
              <BranchPoints />
              <MethodPoint xsi:type="SequencePoint" vc="1" uspid="28" ordinal="0" offset="0" sl="56" sc="9" el="56" ec="10" bec="0" bev="0" fileid="1" />
            </Method>
            <Method visited="true" cyclomaticComplexity="1" nPathComplexity="0" sequenceCoverage="100" branchCoverage="100" crapScore="1" isConstructor="false" isStatic="false" isGetter="false" isSetter="false">
              <Summary numSequencePoints="34" visitedSequencePoints="34" numBranchPoints="1" visitedBranchPoints="1" sequenceCoverage="100" branchCoverage="100" maxCyclomaticComplexity="1" minCyclomaticComplexity="1" maxCrapScore="1" minCrapScore="1" visitedClasses="0" numClasses="0" visitedMethods="1" numMethods="1" />
              <MetadataToken>100663300</MetadataToken>
              <Name>System.Void PowerPoint.Tests.CommandManagerTests::RedoTest()</Name>
              <FileRef uid="1" />
              <SequencePoints>
                <SequencePoint vc="1" uspid="56" ordinal="0" offset="0" sl="88" sc="9" el="88" ec="10" bec="0" bev="0" fileid="1" />
                <SequencePoint vc="1" uspid="57" ordinal="1" offset="1" sl="89" sc="13" el="89" ec="51" bec="0" bev="0" fileid="1" />
                <SequencePoint vc="1" uspid="58" ordinal="2" offset="7" sl="90" sc="13" el="90" ec="51" bec="0" bev="0" fileid="1" />
                <SequencePoint vc="1" uspid="59" ordinal="3" offset="13" sl="91" sc="13" el="91" ec="51" bec="0" bev="0" fileid="1" />
                <SequencePoint vc="1" uspid="60" ordinal="4" offset="19" sl="92" sc="13" el="92" ec="51" bec="0" bev="0" fileid="1" />
                <SequencePoint vc="1" uspid="61" ordinal="5" offset="25" sl="93" sc="13" el="93" ec="47" bec="0" bev="0" fileid="1" />
                <SequencePoint vc="1" uspid="62" ordinal="6" offset="38" sl="94" sc="13" el="94" ec="47" bec="0" bev="0" fileid="1" />
                <SequencePoint vc="1" uspid="63" ordinal="7" offset="51" sl="95" sc="13" el="95" ec="47" bec="0" bev="0" fileid="1" />
                <SequencePoint vc="1" uspid="64" ordinal="8" offset="64" sl="96" sc="13" el="96" ec="47" bec="0" bev="0" fileid="1" />
                <SequencePoint vc="1" uspid="65" ordinal="9" offset="77" sl="97" sc="13" el="97" ec="58" bec="0" bev="0" fileid="1" />
                <SequencePoint vc="1" uspid="66" ordinal="10" offset="94" sl="98" sc="13" el="98" ec="59" bec="0" bev="0" fileid="1" />
                <SequencePoint vc="1" uspid="67" ordinal="11" offset="111" sl="99" sc="13" el="99" ec="36" bec="0" bev="0" fileid="1" />
                <SequencePoint vc="1" uspid="68" ordinal="12" offset="123" sl="100" sc="13" el="100" ec="70" bec="0" bev="0" fileid="1" />
                <SequencePoint vc="1" uspid="69" ordinal="13" offset="146" sl="101" sc="13" el="101" ec="70" bec="0" bev="0" fileid="1" />
                <SequencePoint vc="1" uspid="70" ordinal="14" offset="169" sl="102" sc="13" el="102" ec="36" bec="0" bev="0" fileid="1" />
                <SequencePoint vc="1" uspid="71" ordinal="15" offset="181" sl="103" sc="13" el="103" ec="70" bec="0" bev="0" fileid="1" />
                <SequencePoint vc="1" uspid="72" ordinal="16" offset="204" sl="104" sc="13" el="104" ec="70" bec="0" bev="0" fileid="1" />
                <SequencePoint vc="1" uspid="73" ordinal="17" offset="227" sl="105" sc="13" el="105" ec="36" bec="0" bev="0" fileid="1" />
                <SequencePoint vc="1" uspid="74" ordinal="18" offset="239" sl="106" sc="13" el="106" ec="70" bec="0" bev="0" fileid="1" />
                <SequencePoint vc="1" uspid="75" ordinal="19" offset="262" sl="107" sc="13" el="107" ec="70" bec="0" bev="0" fileid="1" />
                <SequencePoint vc="1" uspid="76" ordinal="20" offset="285" sl="108" sc="13" el="108" ec="36" bec="0" bev="0" fileid="1" />
                <SequencePoint vc="1" uspid="77" ordinal="21" offset="297" sl="109" sc="13" el="109" ec="70" bec="0" bev="0" fileid="1" />
                <SequencePoint vc="1" uspid="78" ordinal="22" offset="320" sl="110" sc="13" el="110" ec="70" bec="0" bev="0" fileid="1" />
                <SequencePoint vc="1" uspid="79" ordinal="23" offset="343" sl="111" sc="13" el="111" ec="59" bec="0" bev="0" fileid="1" />
                <SequencePoint vc="1" uspid="80" ordinal="24" offset="360" sl="112" sc="13" el="112" ec="58" bec="0" bev="0" fileid="1" />
                <SequencePoint vc="1" uspid="81" ordinal="25" offset="377" sl="113" sc="13" el="113" ec="36" bec="0" bev="0" fileid="1" />
                <SequencePoint vc="1" uspid="82" ordinal="26" offset="389" sl="114" sc="13" el="114" ec="70" bec="0" bev="0" fileid="1" />
                <SequencePoint vc="1" uspid="83" ordinal="27" offset="412" sl="115" sc="13" el="115" ec="70" bec="0" bev="0" fileid="1" />
                <SequencePoint vc="1" uspid="84" ordinal="28" offset="435" sl="116" sc="13" el="116" ec="36" bec="0" bev="0" fileid="1" />
                <SequencePoint vc="1" uspid="85" ordinal="29" offset="447" sl="117" sc="13" el="117" ec="70" bec="0" bev="0" fileid="1" />
                <SequencePoint vc="1" uspid="86" ordinal="30" offset="470" sl="118" sc="13" el="118" ec="70" bec="0" bev="0" fileid="1" />
                <SequencePoint vc="1" uspid="87" ordinal="31" offset="493" sl="119" sc="13" el="119" ec="58" bec="0" bev="0" fileid="1" />
                <SequencePoint vc="1" uspid="88" ordinal="32" offset="510" sl="120" sc="13" el="120" ec="58" bec="0" bev="0" fileid="1" />
                <SequencePoint vc="1" uspid="89" ordinal="33" offset="527" sl="121" sc="9" el="121" ec="10" bec="0" bev="0" fileid="1" />
              </SequencePoints>
              <BranchPoints />
              <MethodPoint xsi:type="SequencePoint" vc="1" uspid="56" ordinal="0" offset="0" sl="88" sc="9" el="88" ec="10" bec="0" bev="0" fileid="1" />
            </Method>
            <Method visited="false" cyclomaticComplexity="1" nPathComplexity="0" sequenceCoverage="0" branchCoverage="0" crapScore="2" isConstructor="true" isStatic="false" isGetter="false" isSetter="false">
              <Summary numSequencePoints="0" visitedSequencePoints="0" numBranchPoints="0" visitedBranchPoints="0" sequenceCoverage="0" branchCoverage="0" maxCyclomaticComplexity="1" minCyclomaticComplexity="1" maxCrapScore="2" minCrapScore="2" visitedClasses="0" numClasses="0" visitedMethods="0" numMethods="0" />
              <MetadataToken>100663301</MetadataToken>
              <Name>System.Void PowerPoint.Tests.CommandManagerTests::.ctor()</Name>
              <SequencePoints />
              <BranchPoints />
              <MethodPoint vc="0" uspid="90" ordinal="0" offset="0" />
            </Method>
          </Methods>
        </Class>
        <Class>
          <Summary numSequencePoints="55" visitedSequencePoints="55" numBranchPoints="3" visitedBranchPoints="3" sequenceCoverage="100" branchCoverage="100" maxCyclomaticComplexity="1" minCyclomaticComplexity="1" maxCrapScore="2" minCrapScore="1" visitedClasses="1" numClasses="1" visitedMethods="3" numMethods="3" />
          <FullName>PowerPoint.Tests.DeleteCommandTests</FullName>
          <Methods>
            <Method visited="true" cyclomaticComplexity="1" nPathComplexity="0" sequenceCoverage="100" branchCoverage="100" crapScore="1" isConstructor="false" isStatic="false" isGetter="false" isSetter="false">
              <Summary numSequencePoints="7" visitedSequencePoints="7" numBranchPoints="1" visitedBranchPoints="1" sequenceCoverage="100" branchCoverage="100" maxCyclomaticComplexity="1" minCyclomaticComplexity="1" maxCrapScore="1" minCrapScore="1" visitedClasses="0" numClasses="0" visitedMethods="1" numMethods="1" />
              <MetadataToken>100663302</MetadataToken>
              <Name>System.Void PowerPoint.Tests.DeleteCommandTests::Initialize()</Name>
              <FileRef uid="2" />
              <SequencePoints>
                <SequencePoint vc="2" uspid="91" ordinal="0" offset="0" sl="20" sc="9" el="20" ec="10" bec="0" bev="0" fileid="2" />
                <SequencePoint vc="2" uspid="92" ordinal="1" offset="1" sl="21" sc="13" el="21" ec="34" bec="0" bev="0" fileid="2" />
                <SequencePoint vc="2" uspid="93" ordinal="2" offset="12" sl="22" sc="13" el="22" ec="39" bec="0" bev="0" fileid="2" />
                <SequencePoint vc="2" uspid="94" ordinal="3" offset="18" sl="23" sc="13" el="23" ec="70" bec="0" bev="0" fileid="2" />
                <SequencePoint vc="2" uspid="95" ordinal="4" offset="71" sl="24" sc="13" el="24" ec="33" bec="0" bev="0" fileid="2" />
                <SequencePoint vc="2" uspid="96" ordinal="5" offset="79" sl="25" sc="13" el="25" ec="64" bec="0" bev="0" fileid="2" />
                <SequencePoint vc="2" uspid="97" ordinal="6" offset="97" sl="26" sc="9" el="26" ec="10" bec="0" bev="0" fileid="2" />
              </SequencePoints>
              <BranchPoints />
              <MethodPoint xsi:type="SequencePoint" vc="2" uspid="91" ordinal="0" offset="0" sl="20" sc="9" el="20" ec="10" bec="0" bev="0" fileid="2" />
            </Method>
            <Method visited="true" cyclomaticComplexity="1" nPathComplexity="0" sequenceCoverage="100" branchCoverage="100" crapScore="1" isConstructor="false" isStatic="false" isGetter="false" isSetter="false">
              <Summary numSequencePoints="20" visitedSequencePoints="20" numBranchPoints="1" visitedBranchPoints="1" sequenceCoverage="100" branchCoverage="100" maxCyclomaticComplexity="1" minCyclomaticComplexity="1" maxCrapScore="1" minCrapScore="1" visitedClasses="0" numClasses="0" visitedMethods="1" numMethods="1" />
              <MetadataToken>100663303</MetadataToken>
              <Name>System.Void PowerPoint.Tests.DeleteCommandTests::ExecuteTest()</Name>
              <FileRef uid="2" />
              <SequencePoints>
                <SequencePoint vc="1" uspid="98" ordinal="0" offset="0" sl="31" sc="9" el="31" ec="10" bec="0" bev="0" fileid="2" />
                <SequencePoint vc="1" uspid="99" ordinal="1" offset="1" sl="32" sc="13" el="32" ec="34" bec="0" bev="0" fileid="2" />
                <SequencePoint vc="1" uspid="100" ordinal="2" offset="7" sl="33" sc="13" el="33" ec="65" bec="0" bev="0" fileid="2" />
                <SequencePoint vc="1" uspid="101" ordinal="3" offset="60" sl="34" sc="13" el="34" ec="39" bec="0" bev="0" fileid="2" />
                <SequencePoint vc="1" uspid="102" ordinal="4" offset="66" sl="35" sc="13" el="35" ec="69" bec="0" bev="0" fileid="2" />
                <SequencePoint vc="1" uspid="103" ordinal="5" offset="119" sl="36" sc="13" el="36" ec="44" bec="0" bev="0" fileid="2" />
                <SequencePoint vc="1" uspid="104" ordinal="6" offset="132" sl="37" sc="13" el="37" ec="44" bec="0" bev="0" fileid="2" />
                <SequencePoint vc="1" uspid="105" ordinal="7" offset="145" sl="38" sc="13" el="38" ec="56" bec="0" bev="0" fileid="2" />
                <SequencePoint vc="1" uspid="106" ordinal="8" offset="168" sl="39" sc="13" el="39" ec="72" bec="0" bev="0" fileid="2" />
                <SequencePoint vc="1" uspid="107" ordinal="9" offset="201" sl="40" sc="13" el="40" ec="85" bec="0" bev="0" fileid="2" />
                <SequencePoint vc="1" uspid="108" ordinal="10" offset="252" sl="41" sc="13" el="41" ec="83" bec="0" bev="0" fileid="2" />
                <SequencePoint vc="1" uspid="109" ordinal="11" offset="303" sl="42" sc="13" el="42" ec="77" bec="0" bev="0" fileid="2" />
                <SequencePoint vc="1" uspid="110" ordinal="12" offset="336" sl="43" sc="13" el="43" ec="87" bec="0" bev="0" fileid="2" />
                <SequencePoint vc="1" uspid="111" ordinal="13" offset="387" sl="44" sc="13" el="44" ec="85" bec="0" bev="0" fileid="2" />
                <SequencePoint vc="1" uspid="112" ordinal="14" offset="438" sl="45" sc="13" el="45" ec="38" bec="0" bev="0" fileid="2" />
                <SequencePoint vc="1" uspid="113" ordinal="15" offset="450" sl="46" sc="13" el="46" ec="56" bec="0" bev="0" fileid="2" />
                <SequencePoint vc="1" uspid="114" ordinal="16" offset="473" sl="47" sc="13" el="47" ec="77" bec="0" bev="0" fileid="2" />
                <SequencePoint vc="1" uspid="115" ordinal="17" offset="506" sl="48" sc="13" el="48" ec="87" bec="0" bev="0" fileid="2" />
                <SequencePoint vc="1" uspid="116" ordinal="18" offset="557" sl="49" sc="13" el="49" ec="85" bec="0" bev="0" fileid="2" />
                <SequencePoint vc="1" uspid="117" ordinal="19" offset="608" sl="50" sc="9" el="50" ec="10" bec="0" bev="0" fileid="2" />
              </SequencePoints>
              <BranchPoints />
              <MethodPoint xsi:type="SequencePoint" vc="1" uspid="98" ordinal="0" offset="0" sl="31" sc="9" el="31" ec="10" bec="0" bev="0" fileid="2" />
            </Method>
            <Method visited="true" cyclomaticComplexity="1" nPathComplexity="0" sequenceCoverage="100" branchCoverage="100" crapScore="1" isConstructor="false" isStatic="false" isGetter="false" isSetter="false">
              <Summary numSequencePoints="28" visitedSequencePoints="28" numBranchPoints="1" visitedBranchPoints="1" sequenceCoverage="100" branchCoverage="100" maxCyclomaticComplexity="1" minCyclomaticComplexity="1" maxCrapScore="1" minCrapScore="1" visitedClasses="0" numClasses="0" visitedMethods="1" numMethods="1" />
              <MetadataToken>100663304</MetadataToken>
              <Name>System.Void PowerPoint.Tests.DeleteCommandTests::ReverseExecutionTest()</Name>
              <FileRef uid="2" />
              <SequencePoints>
                <SequencePoint vc="1" uspid="118" ordinal="0" offset="0" sl="55" sc="9" el="55" ec="10" bec="0" bev="0" fileid="2" />
                <SequencePoint vc="1" uspid="119" ordinal="1" offset="1" sl="56" sc="13" el="56" ec="34" bec="0" bev="0" fileid="2" />
                <SequencePoint vc="1" uspid="120" ordinal="2" offset="7" sl="57" sc="13" el="57" ec="65" bec="0" bev="0" fileid="2" />
                <SequencePoint vc="1" uspid="121" ordinal="3" offset="60" sl="58" sc="13" el="58" ec="39" bec="0" bev="0" fileid="2" />
                <SequencePoint vc="1" uspid="122" ordinal="4" offset="66" sl="59" sc="13" el="59" ec="69" bec="0" bev="0" fileid="2" />
                <SequencePoint vc="1" uspid="123" ordinal="5" offset="119" sl="60" sc="13" el="60" ec="44" bec="0" bev="0" fileid="2" />
                <SequencePoint vc="1" uspid="124" ordinal="6" offset="132" sl="61" sc="13" el="61" ec="44" bec="0" bev="0" fileid="2" />
                <SequencePoint vc="1" uspid="125" ordinal="7" offset="145" sl="62" sc="13" el="62" ec="56" bec="0" bev="0" fileid="2" />
                <SequencePoint vc="1" uspid="126" ordinal="8" offset="168" sl="63" sc="13" el="63" ec="72" bec="0" bev="0" fileid="2" />
                <SequencePoint vc="1" uspid="127" ordinal="9" offset="201" sl="64" sc="13" el="64" ec="85" bec="0" bev="0" fileid="2" />
                <SequencePoint vc="1" uspid="128" ordinal="10" offset="252" sl="65" sc="13" el="65" ec="83" bec="0" bev="0" fileid="2" />
                <SequencePoint vc="1" uspid="129" ordinal="11" offset="303" sl="66" sc="13" el="66" ec="77" bec="0" bev="0" fileid="2" />
                <SequencePoint vc="1" uspid="130" ordinal="12" offset="336" sl="67" sc="13" el="67" ec="87" bec="0" bev="0" fileid="2" />
                <SequencePoint vc="1" uspid="131" ordinal="13" offset="387" sl="68" sc="13" el="68" ec="85" bec="0" bev="0" fileid="2" />
                <SequencePoint vc="1" uspid="132" ordinal="14" offset="438" sl="69" sc="13" el="69" ec="38" bec="0" bev="0" fileid="2" />
                <SequencePoint vc="1" uspid="133" ordinal="15" offset="450" sl="70" sc="13" el="70" ec="56" bec="0" bev="0" fileid="2" />
                <SequencePoint vc="1" uspid="134" ordinal="16" offset="473" sl="71" sc="13" el="71" ec="77" bec="0" bev="0" fileid="2" />
                <SequencePoint vc="1" uspid="135" ordinal="17" offset="506" sl="72" sc="13" el="72" ec="87" bec="0" bev="0" fileid="2" />
                <SequencePoint vc="1" uspid="136" ordinal="18" offset="557" sl="73" sc="13" el="73" ec="85" bec="0" bev="0" fileid="2" />
                <SequencePoint vc="1" uspid="137" ordinal="19" offset="608" sl="74" sc="13" el="74" ec="47" bec="0" bev="0" fileid="2" />
                <SequencePoint vc="1" uspid="138" ordinal="20" offset="620" sl="75" sc="13" el="75" ec="56" bec="0" bev="0" fileid="2" />
                <SequencePoint vc="1" uspid="139" ordinal="21" offset="643" sl="76" sc="13" el="76" ec="72" bec="0" bev="0" fileid="2" />
                <SequencePoint vc="1" uspid="140" ordinal="22" offset="676" sl="77" sc="13" el="77" ec="85" bec="0" bev="0" fileid="2" />
                <SequencePoint vc="1" uspid="141" ordinal="23" offset="727" sl="78" sc="13" el="78" ec="83" bec="0" bev="0" fileid="2" />
                <SequencePoint vc="1" uspid="142" ordinal="24" offset="778" sl="79" sc="13" el="79" ec="77" bec="0" bev="0" fileid="2" />
                <SequencePoint vc="1" uspid="143" ordinal="25" offset="811" sl="80" sc="13" el="80" ec="87" bec="0" bev="0" fileid="2" />
                <SequencePoint vc="1" uspid="144" ordinal="26" offset="862" sl="81" sc="13" el="81" ec="85" bec="0" bev="0" fileid="2" />
                <SequencePoint vc="1" uspid="145" ordinal="27" offset="913" sl="82" sc="9" el="82" ec="10" bec="0" bev="0" fileid="2" />
              </SequencePoints>
              <BranchPoints />
              <MethodPoint xsi:type="SequencePoint" vc="1" uspid="118" ordinal="0" offset="0" sl="55" sc="9" el="55" ec="10" bec="0" bev="0" fileid="2" />
            </Method>
            <Method visited="false" cyclomaticComplexity="1" nPathComplexity="0" sequenceCoverage="0" branchCoverage="0" crapScore="2" isConstructor="true" isStatic="false" isGetter="false" isSetter="false">
              <Summary numSequencePoints="0" visitedSequencePoints="0" numBranchPoints="0" visitedBranchPoints="0" sequenceCoverage="0" branchCoverage="0" maxCyclomaticComplexity="1" minCyclomaticComplexity="1" maxCrapScore="2" minCrapScore="2" visitedClasses="0" numClasses="0" visitedMethods="0" numMethods="0" />
              <MetadataToken>100663305</MetadataToken>
              <Name>System.Void PowerPoint.Tests.DeleteCommandTests::.ctor()</Name>
              <SequencePoints />
              <BranchPoints />
              <MethodPoint vc="0" uspid="146" ordinal="0" offset="0" />
            </Method>
          </Methods>
        </Class>
        <Class>
          <Summary numSequencePoints="16" visitedSequencePoints="16" numBranchPoints="3" visitedBranchPoints="3" sequenceCoverage="100" branchCoverage="100" maxCyclomaticComplexity="1" minCyclomaticComplexity="1" maxCrapScore="2" minCrapScore="1" visitedClasses="1" numClasses="1" visitedMethods="3" numMethods="3" />
          <FullName>PowerPoint.Tests.DrawCommandTests</FullName>
          <Methods>
            <Method visited="true" cyclomaticComplexity="1" nPathComplexity="0" sequenceCoverage="100" branchCoverage="100" crapScore="1" isConstructor="false" isStatic="false" isGetter="false" isSetter="false">
              <Summary numSequencePoints="6" visitedSequencePoints="6" numBranchPoints="1" visitedBranchPoints="1" sequenceCoverage="100" branchCoverage="100" maxCyclomaticComplexity="1" minCyclomaticComplexity="1" maxCrapScore="1" minCrapScore="1" visitedClasses="0" numClasses="0" visitedMethods="1" numMethods="1" />
              <MetadataToken>100663306</MetadataToken>
              <Name>System.Void PowerPoint.Tests.DrawCommandTests::Initialize()</Name>
              <FileRef uid="3" />
              <SequencePoints>
                <SequencePoint vc="2" uspid="147" ordinal="0" offset="0" sl="20" sc="9" el="20" ec="10" bec="0" bev="0" fileid="3" />
                <SequencePoint vc="2" uspid="148" ordinal="1" offset="1" sl="21" sc="13" el="21" ec="34" bec="0" bev="0" fileid="3" />
                <SequencePoint vc="2" uspid="149" ordinal="2" offset="12" sl="22" sc="13" el="22" ec="39" bec="0" bev="0" fileid="3" />
                <SequencePoint vc="2" uspid="150" ordinal="3" offset="18" sl="23" sc="13" el="23" ec="70" bec="0" bev="0" fileid="3" />
                <SequencePoint vc="2" uspid="151" ordinal="4" offset="71" sl="24" sc="13" el="24" ec="60" bec="0" bev="0" fileid="3" />
                <SequencePoint vc="2" uspid="152" ordinal="5" offset="89" sl="25" sc="9" el="25" ec="10" bec="0" bev="0" fileid="3" />
              </SequencePoints>
              <BranchPoints />
              <MethodPoint xsi:type="SequencePoint" vc="2" uspid="147" ordinal="0" offset="0" sl="20" sc="9" el="20" ec="10" bec="0" bev="0" fileid="3" />
            </Method>
            <Method visited="true" cyclomaticComplexity="1" nPathComplexity="0" sequenceCoverage="100" branchCoverage="100" crapScore="1" isConstructor="false" isStatic="false" isGetter="false" isSetter="false">
              <Summary numSequencePoints="5" visitedSequencePoints="5" numBranchPoints="1" visitedBranchPoints="1" sequenceCoverage="100" branchCoverage="100" maxCyclomaticComplexity="1" minCyclomaticComplexity="1" maxCrapScore="1" minCrapScore="1" visitedClasses="0" numClasses="0" visitedMethods="1" numMethods="1" />
              <MetadataToken>100663307</MetadataToken>
              <Name>System.Void PowerPoint.Tests.DrawCommandTests::ExecuteTest()</Name>
              <FileRef uid="3" />
              <SequencePoints>
                <SequencePoint vc="1" uspid="153" ordinal="0" offset="0" sl="30" sc="9" el="30" ec="10" bec="0" bev="0" fileid="3" />
                <SequencePoint vc="1" uspid="154" ordinal="1" offset="1" sl="31" sc="13" el="31" ec="36" bec="0" bev="0" fileid="3" />
                <SequencePoint vc="1" uspid="155" ordinal="2" offset="13" sl="32" sc="13" el="32" ec="56" bec="0" bev="0" fileid="3" />
                <SequencePoint vc="1" uspid="156" ordinal="3" offset="36" sl="33" sc="13" el="33" ec="72" bec="0" bev="0" fileid="3" />
                <SequencePoint vc="1" uspid="157" ordinal="4" offset="69" sl="34" sc="9" el="34" ec="10" bec="0" bev="0" fileid="3" />
              </SequencePoints>
              <BranchPoints />
              <MethodPoint xsi:type="SequencePoint" vc="1" uspid="153" ordinal="0" offset="0" sl="30" sc="9" el="30" ec="10" bec="0" bev="0" fileid="3" />
            </Method>
            <Method visited="true" cyclomaticComplexity="1" nPathComplexity="0" sequenceCoverage="100" branchCoverage="100" crapScore="1" isConstructor="false" isStatic="false" isGetter="false" isSetter="false">
              <Summary numSequencePoints="5" visitedSequencePoints="5" numBranchPoints="1" visitedBranchPoints="1" sequenceCoverage="100" branchCoverage="100" maxCyclomaticComplexity="1" minCyclomaticComplexity="1" maxCrapScore="1" minCrapScore="1" visitedClasses="0" numClasses="0" visitedMethods="1" numMethods="1" />
              <MetadataToken>100663308</MetadataToken>
              <Name>System.Void PowerPoint.Tests.DrawCommandTests::ReverseExecutionTest()</Name>
              <FileRef uid="3" />
              <SequencePoints>
                <SequencePoint vc="1" uspid="158" ordinal="0" offset="0" sl="39" sc="9" el="39" ec="10" bec="0" bev="0" fileid="3" />
                <SequencePoint vc="1" uspid="159" ordinal="1" offset="1" sl="40" sc="13" el="40" ec="36" bec="0" bev="0" fileid="3" />
                <SequencePoint vc="1" uspid="160" ordinal="2" offset="13" sl="41" sc="13" el="41" ec="45" bec="0" bev="0" fileid="3" />
                <SequencePoint vc="1" uspid="161" ordinal="3" offset="25" sl="42" sc="13" el="42" ec="56" bec="0" bev="0" fileid="3" />
                <SequencePoint vc="1" uspid="162" ordinal="4" offset="48" sl="43" sc="9" el="43" ec="10" bec="0" bev="0" fileid="3" />
              </SequencePoints>
              <BranchPoints />
              <MethodPoint xsi:type="SequencePoint" vc="1" uspid="158" ordinal="0" offset="0" sl="39" sc="9" el="39" ec="10" bec="0" bev="0" fileid="3" />
            </Method>
            <Method visited="false" cyclomaticComplexity="1" nPathComplexity="0" sequenceCoverage="0" branchCoverage="0" crapScore="2" isConstructor="true" isStatic="false" isGetter="false" isSetter="false">
              <Summary numSequencePoints="0" visitedSequencePoints="0" numBranchPoints="0" visitedBranchPoints="0" sequenceCoverage="0" branchCoverage="0" maxCyclomaticComplexity="1" minCyclomaticComplexity="1" maxCrapScore="2" minCrapScore="2" visitedClasses="0" numClasses="0" visitedMethods="0" numMethods="0" />
              <MetadataToken>100663309</MetadataToken>
              <Name>System.Void PowerPoint.Tests.DrawCommandTests::.ctor()</Name>
              <SequencePoints />
              <BranchPoints />
              <MethodPoint vc="0" uspid="163" ordinal="0" offset="0" />
            </Method>
          </Methods>
        </Class>
        <Class>
          <Summary numSequencePoints="50" visitedSequencePoints="50" numBranchPoints="3" visitedBranchPoints="3" sequenceCoverage="100" branchCoverage="100" maxCyclomaticComplexity="1" minCyclomaticComplexity="1" maxCrapScore="2" minCrapScore="1" visitedClasses="1" numClasses="1" visitedMethods="3" numMethods="3" />
          <FullName>PowerPoint.Tests.MoveCommandTests</FullName>
          <Methods>
            <Method visited="true" cyclomaticComplexity="1" nPathComplexity="0" sequenceCoverage="100" branchCoverage="100" crapScore="1" isConstructor="false" isStatic="false" isGetter="false" isSetter="false">
              <Summary numSequencePoints="10" visitedSequencePoints="10" numBranchPoints="1" visitedBranchPoints="1" sequenceCoverage="100" branchCoverage="100" maxCyclomaticComplexity="1" minCyclomaticComplexity="1" maxCrapScore="1" minCrapScore="1" visitedClasses="0" numClasses="0" visitedMethods="1" numMethods="1" />
              <MetadataToken>100663310</MetadataToken>
              <Name>System.Void PowerPoint.Tests.MoveCommandTests::Initialize()</Name>
              <FileRef uid="4" />
              <SequencePoints>
                <SequencePoint vc="2" uspid="164" ordinal="0" offset="0" sl="20" sc="9" el="20" ec="10" bec="0" bev="0" fileid="4" />
                <SequencePoint vc="2" uspid="165" ordinal="1" offset="1" sl="21" sc="13" el="21" ec="34" bec="0" bev="0" fileid="4" />
                <SequencePoint vc="2" uspid="166" ordinal="2" offset="12" sl="22" sc="13" el="22" ec="39" bec="0" bev="0" fileid="4" />
                <SequencePoint vc="2" uspid="167" ordinal="3" offset="18" sl="23" sc="13" el="23" ec="70" bec="0" bev="0" fileid="4" />
                <SequencePoint vc="2" uspid="168" ordinal="4" offset="71" sl="24" sc="13" el="24" ec="33" bec="0" bev="0" fileid="4" />
                <SequencePoint vc="2" uspid="169" ordinal="5" offset="79" sl="25" sc="13" el="25" ec="39" bec="0" bev="0" fileid="4" />
                <SequencePoint vc="2" uspid="170" ordinal="6" offset="85" sl="26" sc="13" el="26" ec="74" bec="0" bev="0" fileid="4" />
                <SequencePoint vc="2" uspid="171" ordinal="7" offset="138" sl="27" sc="13" el="27" ec="33" bec="0" bev="0" fileid="4" />
                <SequencePoint vc="2" uspid="172" ordinal="8" offset="146" sl="28" sc="13" el="28" ec="68" bec="0" bev="0" fileid="4" />
                <SequencePoint vc="2" uspid="173" ordinal="9" offset="165" sl="29" sc="9" el="29" ec="10" bec="0" bev="0" fileid="4" />
              </SequencePoints>
              <BranchPoints />
              <MethodPoint xsi:type="SequencePoint" vc="2" uspid="164" ordinal="0" offset="0" sl="20" sc="9" el="20" ec="10" bec="0" bev="0" fileid="4" />
            </Method>
            <Method visited="true" cyclomaticComplexity="1" nPathComplexity="0" sequenceCoverage="100" branchCoverage="100" crapScore="1" isConstructor="false" isStatic="false" isGetter="false" isSetter="false">
              <Summary numSequencePoints="16" visitedSequencePoints="16" numBranchPoints="1" visitedBranchPoints="1" sequenceCoverage="100" branchCoverage="100" maxCyclomaticComplexity="1" minCyclomaticComplexity="1" maxCrapScore="1" minCrapScore="1" visitedClasses="0" numClasses="0" visitedMethods="1" numMethods="1" />
              <MetadataToken>100663311</MetadataToken>
              <Name>System.Void PowerPoint.Tests.MoveCommandTests::ExecuteTest()</Name>
              <FileRef uid="4" />
              <SequencePoints>
                <SequencePoint vc="1" uspid="174" ordinal="0" offset="0" sl="34" sc="9" el="34" ec="10" bec="0" bev="0" fileid="4" />
                <SequencePoint vc="1" uspid="175" ordinal="1" offset="1" sl="35" sc="13" el="35" ec="34" bec="0" bev="0" fileid="4" />
                <SequencePoint vc="1" uspid="176" ordinal="2" offset="7" sl="36" sc="13" el="36" ec="65" bec="0" bev="0" fileid="4" />
                <SequencePoint vc="1" uspid="177" ordinal="3" offset="60" sl="37" sc="13" el="37" ec="39" bec="0" bev="0" fileid="4" />
                <SequencePoint vc="1" uspid="178" ordinal="4" offset="66" sl="38" sc="13" el="38" ec="69" bec="0" bev="0" fileid="4" />
                <SequencePoint vc="1" uspid="179" ordinal="5" offset="119" sl="39" sc="13" el="39" ec="44" bec="0" bev="0" fileid="4" />
                <SequencePoint vc="1" uspid="180" ordinal="6" offset="132" sl="40" sc="13" el="40" ec="44" bec="0" bev="0" fileid="4" />
                <SequencePoint vc="1" uspid="181" ordinal="7" offset="145" sl="41" sc="13" el="41" ec="36" bec="0" bev="0" fileid="4" />
                <SequencePoint vc="1" uspid="182" ordinal="8" offset="157" sl="42" sc="13" el="42" ec="56" bec="0" bev="0" fileid="4" />
                <SequencePoint vc="1" uspid="183" ordinal="9" offset="180" sl="43" sc="13" el="43" ec="72" bec="0" bev="0" fileid="4" />
                <SequencePoint vc="1" uspid="184" ordinal="10" offset="213" sl="44" sc="13" el="44" ec="87" bec="0" bev="0" fileid="4" />
                <SequencePoint vc="1" uspid="185" ordinal="11" offset="264" sl="45" sc="13" el="45" ec="85" bec="0" bev="0" fileid="4" />
                <SequencePoint vc="1" uspid="186" ordinal="12" offset="315" sl="46" sc="13" el="46" ec="77" bec="0" bev="0" fileid="4" />
                <SequencePoint vc="1" uspid="187" ordinal="13" offset="348" sl="47" sc="13" el="47" ec="87" bec="0" bev="0" fileid="4" />
                <SequencePoint vc="1" uspid="188" ordinal="14" offset="399" sl="48" sc="13" el="48" ec="85" bec="0" bev="0" fileid="4" />
                <SequencePoint vc="1" uspid="189" ordinal="15" offset="450" sl="49" sc="9" el="49" ec="10" bec="0" bev="0" fileid="4" />
              </SequencePoints>
              <BranchPoints />
              <MethodPoint xsi:type="SequencePoint" vc="1" uspid="174" ordinal="0" offset="0" sl="34" sc="9" el="34" ec="10" bec="0" bev="0" fileid="4" />
            </Method>
            <Method visited="true" cyclomaticComplexity="1" nPathComplexity="0" sequenceCoverage="100" branchCoverage="100" crapScore="1" isConstructor="false" isStatic="false" isGetter="false" isSetter="false">
              <Summary numSequencePoints="24" visitedSequencePoints="24" numBranchPoints="1" visitedBranchPoints="1" sequenceCoverage="100" branchCoverage="100" maxCyclomaticComplexity="1" minCyclomaticComplexity="1" maxCrapScore="1" minCrapScore="1" visitedClasses="0" numClasses="0" visitedMethods="1" numMethods="1" />
              <MetadataToken>100663312</MetadataToken>
              <Name>System.Void PowerPoint.Tests.MoveCommandTests::ReverseExecutionTest()</Name>
              <FileRef uid="4" />
              <SequencePoints>
                <SequencePoint vc="1" uspid="190" ordinal="0" offset="0" sl="54" sc="9" el="54" ec="10" bec="0" bev="0" fileid="4" />
                <SequencePoint vc="1" uspid="191" ordinal="1" offset="1" sl="55" sc="13" el="55" ec="34" bec="0" bev="0" fileid="4" />
                <SequencePoint vc="1" uspid="192" ordinal="2" offset="7" sl="56" sc="13" el="56" ec="65" bec="0" bev="0" fileid="4" />
                <SequencePoint vc="1" uspid="193" ordinal="3" offset="60" sl="57" sc="13" el="57" ec="39" bec="0" bev="0" fileid="4" />
                <SequencePoint vc="1" uspid="194" ordinal="4" offset="66" sl="58" sc="13" el="58" ec="69" bec="0" bev="0" fileid="4" />
                <SequencePoint vc="1" uspid="195" ordinal="5" offset="119" sl="59" sc="13" el="59" ec="44" bec="0" bev="0" fileid="4" />
                <SequencePoint vc="1" uspid="196" ordinal="6" offset="132" sl="60" sc="13" el="60" ec="44" bec="0" bev="0" fileid="4" />
                <SequencePoint vc="1" uspid="197" ordinal="7" offset="145" sl="61" sc="13" el="61" ec="36" bec="0" bev="0" fileid="4" />
                <SequencePoint vc="1" uspid="198" ordinal="8" offset="157" sl="62" sc="13" el="62" ec="56" bec="0" bev="0" fileid="4" />
                <SequencePoint vc="1" uspid="199" ordinal="9" offset="180" sl="63" sc="13" el="63" ec="72" bec="0" bev="0" fileid="4" />
                <SequencePoint vc="1" uspid="200" ordinal="10" offset="213" sl="64" sc="13" el="64" ec="87" bec="0" bev="0" fileid="4" />
                <SequencePoint vc="1" uspid="201" ordinal="11" offset="264" sl="65" sc="13" el="65" ec="85" bec="0" bev="0" fileid="4" />
                <SequencePoint vc="1" uspid="202" ordinal="12" offset="315" sl="66" sc="13" el="66" ec="77" bec="0" bev="0" fileid="4" />
                <SequencePoint vc="1" uspid="203" ordinal="13" offset="348" sl="67" sc="13" el="67" ec="87" bec="0" bev="0" fileid="4" />
                <SequencePoint vc="1" uspid="204" ordinal="14" offset="399" sl="68" sc="13" el="68" ec="85" bec="0" bev="0" fileid="4" />
                <SequencePoint vc="1" uspid="205" ordinal="15" offset="450" sl="69" sc="13" el="69" ec="45" bec="0" bev="0" fileid="4" />
                <SequencePoint vc="1" uspid="206" ordinal="16" offset="462" sl="70" sc="13" el="70" ec="56" bec="0" bev="0" fileid="4" />
                <SequencePoint vc="1" uspid="207" ordinal="17" offset="485" sl="71" sc="13" el="71" ec="72" bec="0" bev="0" fileid="4" />
                <SequencePoint vc="1" uspid="208" ordinal="18" offset="518" sl="72" sc="13" el="72" ec="85" bec="0" bev="0" fileid="4" />
                <SequencePoint vc="1" uspid="209" ordinal="19" offset="569" sl="73" sc="13" el="73" ec="83" bec="0" bev="0" fileid="4" />
                <SequencePoint vc="1" uspid="210" ordinal="20" offset="620" sl="74" sc="13" el="74" ec="77" bec="0" bev="0" fileid="4" />
                <SequencePoint vc="1" uspid="211" ordinal="21" offset="653" sl="75" sc="13" el="75" ec="87" bec="0" bev="0" fileid="4" />
                <SequencePoint vc="1" uspid="212" ordinal="22" offset="704" sl="76" sc="13" el="76" ec="85" bec="0" bev="0" fileid="4" />
                <SequencePoint vc="1" uspid="213" ordinal="23" offset="755" sl="77" sc="9" el="77" ec="10" bec="0" bev="0" fileid="4" />
              </SequencePoints>
              <BranchPoints />
              <MethodPoint xsi:type="SequencePoint" vc="1" uspid="190" ordinal="0" offset="0" sl="54" sc="9" el="54" ec="10" bec="0" bev="0" fileid="4" />
            </Method>
            <Method visited="false" cyclomaticComplexity="1" nPathComplexity="0" sequenceCoverage="0" branchCoverage="0" crapScore="2" isConstructor="true" isStatic="false" isGetter="false" isSetter="false">
              <Summary numSequencePoints="0" visitedSequencePoints="0" numBranchPoints="0" visitedBranchPoints="0" sequenceCoverage="0" branchCoverage="0" maxCyclomaticComplexity="1" minCyclomaticComplexity="1" maxCrapScore="2" minCrapScore="2" visitedClasses="0" numClasses="0" visitedMethods="0" numMethods="0" />
              <MetadataToken>100663313</MetadataToken>
              <Name>System.Void PowerPoint.Tests.MoveCommandTests::.ctor()</Name>
              <SequencePoints />
              <BranchPoints />
              <MethodPoint vc="0" uspid="214" ordinal="0" offset="0" />
            </Method>
          </Methods>
        </Class>
        <Class>
          <Summary numSequencePoints="16" visitedSequencePoints="16" numBranchPoints="3" visitedBranchPoints="3" sequenceCoverage="100" branchCoverage="100" maxCyclomaticComplexity="1" minCyclomaticComplexity="1" maxCrapScore="2" minCrapScore="1" visitedClasses="1" numClasses="1" visitedMethods="3" numMethods="3" />
          <FullName>PowerPoint.Tests.RandomCreateCommandTests</FullName>
          <Methods>
            <Method visited="true" cyclomaticComplexity="1" nPathComplexity="0" sequenceCoverage="100" branchCoverage="100" crapScore="1" isConstructor="false" isStatic="false" isGetter="false" isSetter="false">
              <Summary numSequencePoints="6" visitedSequencePoints="6" numBranchPoints="1" visitedBranchPoints="1" sequenceCoverage="100" branchCoverage="100" maxCyclomaticComplexity="1" minCyclomaticComplexity="1" maxCrapScore="1" minCrapScore="1" visitedClasses="0" numClasses="0" visitedMethods="1" numMethods="1" />
              <MetadataToken>100663314</MetadataToken>
              <Name>System.Void PowerPoint.Tests.RandomCreateCommandTests::Initialize()</Name>
              <FileRef uid="5" />
              <SequencePoints>
                <SequencePoint vc="2" uspid="215" ordinal="0" offset="0" sl="20" sc="9" el="20" ec="10" bec="0" bev="0" fileid="5" />
                <SequencePoint vc="2" uspid="216" ordinal="1" offset="1" sl="21" sc="13" el="21" ec="34" bec="0" bev="0" fileid="5" />
                <SequencePoint vc="2" uspid="217" ordinal="2" offset="12" sl="22" sc="13" el="22" ec="39" bec="0" bev="0" fileid="5" />
                <SequencePoint vc="2" uspid="218" ordinal="3" offset="18" sl="23" sc="13" el="23" ec="70" bec="0" bev="0" fileid="5" />
                <SequencePoint vc="2" uspid="219" ordinal="4" offset="71" sl="24" sc="13" el="24" ec="76" bec="0" bev="0" fileid="5" />
                <SequencePoint vc="2" uspid="220" ordinal="5" offset="89" sl="25" sc="9" el="25" ec="10" bec="0" bev="0" fileid="5" />
              </SequencePoints>
              <BranchPoints />
              <MethodPoint xsi:type="SequencePoint" vc="2" uspid="215" ordinal="0" offset="0" sl="20" sc="9" el="20" ec="10" bec="0" bev="0" fileid="5" />
            </Method>
            <Method visited="true" cyclomaticComplexity="1" nPathComplexity="0" sequenceCoverage="100" branchCoverage="100" crapScore="1" isConstructor="false" isStatic="false" isGetter="false" isSetter="false">
              <Summary numSequencePoints="5" visitedSequencePoints="5" numBranchPoints="1" visitedBranchPoints="1" sequenceCoverage="100" branchCoverage="100" maxCyclomaticComplexity="1" minCyclomaticComplexity="1" maxCrapScore="1" minCrapScore="1" visitedClasses="0" numClasses="0" visitedMethods="1" numMethods="1" />
              <MetadataToken>100663315</MetadataToken>
              <Name>System.Void PowerPoint.Tests.RandomCreateCommandTests::ExecuteTest()</Name>
              <FileRef uid="5" />
              <SequencePoints>
                <SequencePoint vc="1" uspid="221" ordinal="0" offset="0" sl="30" sc="9" el="30" ec="10" bec="0" bev="0" fileid="5" />
                <SequencePoint vc="1" uspid="222" ordinal="1" offset="1" sl="31" sc="13" el="31" ec="44" bec="0" bev="0" fileid="5" />
                <SequencePoint vc="1" uspid="223" ordinal="2" offset="13" sl="32" sc="13" el="32" ec="56" bec="0" bev="0" fileid="5" />
                <SequencePoint vc="1" uspid="224" ordinal="3" offset="36" sl="33" sc="13" el="33" ec="72" bec="0" bev="0" fileid="5" />
                <SequencePoint vc="1" uspid="225" ordinal="4" offset="69" sl="34" sc="9" el="34" ec="10" bec="0" bev="0" fileid="5" />
              </SequencePoints>
              <BranchPoints />
              <MethodPoint xsi:type="SequencePoint" vc="1" uspid="221" ordinal="0" offset="0" sl="30" sc="9" el="30" ec="10" bec="0" bev="0" fileid="5" />
            </Method>
            <Method visited="true" cyclomaticComplexity="1" nPathComplexity="0" sequenceCoverage="100" branchCoverage="100" crapScore="1" isConstructor="false" isStatic="false" isGetter="false" isSetter="false">
              <Summary numSequencePoints="5" visitedSequencePoints="5" numBranchPoints="1" visitedBranchPoints="1" sequenceCoverage="100" branchCoverage="100" maxCyclomaticComplexity="1" minCyclomaticComplexity="1" maxCrapScore="1" minCrapScore="1" visitedClasses="0" numClasses="0" visitedMethods="1" numMethods="1" />
              <MetadataToken>100663316</MetadataToken>
              <Name>System.Void PowerPoint.Tests.RandomCreateCommandTests::ReverseExecutionTest()</Name>
              <FileRef uid="5" />
              <SequencePoints>
                <SequencePoint vc="1" uspid="226" ordinal="0" offset="0" sl="39" sc="9" el="39" ec="10" bec="0" bev="0" fileid="5" />
                <SequencePoint vc="1" uspid="227" ordinal="1" offset="1" sl="40" sc="13" el="40" ec="44" bec="0" bev="0" fileid="5" />
                <SequencePoint vc="1" uspid="228" ordinal="2" offset="13" sl="41" sc="13" el="41" ec="53" bec="0" bev="0" fileid="5" />
                <SequencePoint vc="1" uspid="229" ordinal="3" offset="25" sl="42" sc="13" el="42" ec="56" bec="0" bev="0" fileid="5" />
                <SequencePoint vc="1" uspid="230" ordinal="4" offset="48" sl="43" sc="9" el="43" ec="10" bec="0" bev="0" fileid="5" />
              </SequencePoints>
              <BranchPoints />
              <MethodPoint xsi:type="SequencePoint" vc="1" uspid="226" ordinal="0" offset="0" sl="39" sc="9" el="39" ec="10" bec="0" bev="0" fileid="5" />
            </Method>
            <Method visited="false" cyclomaticComplexity="1" nPathComplexity="0" sequenceCoverage="0" branchCoverage="0" crapScore="2" isConstructor="true" isStatic="false" isGetter="false" isSetter="false">
              <Summary numSequencePoints="0" visitedSequencePoints="0" numBranchPoints="0" visitedBranchPoints="0" sequenceCoverage="0" branchCoverage="0" maxCyclomaticComplexity="1" minCyclomaticComplexity="1" maxCrapScore="2" minCrapScore="2" visitedClasses="0" numClasses="0" visitedMethods="0" numMethods="0" />
              <MetadataToken>100663317</MetadataToken>
              <Name>System.Void PowerPoint.Tests.RandomCreateCommandTests::.ctor()</Name>
              <SequencePoints />
              <BranchPoints />
              <MethodPoint vc="0" uspid="231" ordinal="0" offset="0" />
            </Method>
          </Methods>
        </Class>
        <Class>
          <Summary numSequencePoints="8" visitedSequencePoints="8" numBranchPoints="3" visitedBranchPoints="3" sequenceCoverage="100" branchCoverage="100" maxCyclomaticComplexity="1" minCyclomaticComplexity="1" maxCrapScore="1" minCrapScore="1" visitedClasses="1" numClasses="1" visitedMethods="3" numMethods="3" />
          <FullName>PowerPoint.Tests.MockCommand</FullName>
          <Methods>
            <Method visited="true" cyclomaticComplexity="1" nPathComplexity="0" sequenceCoverage="100" branchCoverage="100" crapScore="1" isConstructor="false" isStatic="false" isGetter="false" isSetter="false">
              <Summary numSequencePoints="3" visitedSequencePoints="3" numBranchPoints="1" visitedBranchPoints="1" sequenceCoverage="100" branchCoverage="100" maxCyclomaticComplexity="1" minCyclomaticComplexity="1" maxCrapScore="1" minCrapScore="1" visitedClasses="0" numClasses="0" visitedMethods="1" numMethods="1" />
              <MetadataToken>100663318</MetadataToken>
              <Name>System.Void PowerPoint.Tests.MockCommand::Execute()</Name>
              <FileRef uid="6" />
              <SequencePoints>
                <SequencePoint vc="14" uspid="232" ordinal="0" offset="0" sl="16" sc="9" el="16" ec="10" bec="0" bev="0" fileid="6" />
                <SequencePoint vc="14" uspid="233" ordinal="1" offset="1" sl="17" sc="13" el="17" ec="37" bec="0" bev="0" fileid="6" />
                <SequencePoint vc="14" uspid="234" ordinal="2" offset="8" sl="18" sc="9" el="18" ec="10" bec="0" bev="0" fileid="6" />
              </SequencePoints>
              <BranchPoints />
              <MethodPoint xsi:type="SequencePoint" vc="14" uspid="232" ordinal="0" offset="0" sl="16" sc="9" el="16" ec="10" bec="0" bev="0" fileid="6" />
            </Method>
            <Method visited="true" cyclomaticComplexity="1" nPathComplexity="0" sequenceCoverage="100" branchCoverage="100" crapScore="1" isConstructor="false" isStatic="false" isGetter="false" isSetter="false">
              <Summary numSequencePoints="3" visitedSequencePoints="3" numBranchPoints="1" visitedBranchPoints="1" sequenceCoverage="100" branchCoverage="100" maxCyclomaticComplexity="1" minCyclomaticComplexity="1" maxCrapScore="1" minCrapScore="1" visitedClasses="0" numClasses="0" visitedMethods="1" numMethods="1" />
              <MetadataToken>100663319</MetadataToken>
              <Name>System.Void PowerPoint.Tests.MockCommand::ReverseExecution()</Name>
              <FileRef uid="6" />
              <SequencePoints>
                <SequencePoint vc="8" uspid="235" ordinal="0" offset="0" sl="22" sc="9" el="22" ec="10" bec="0" bev="0" fileid="6" />
                <SequencePoint vc="8" uspid="236" ordinal="1" offset="1" sl="23" sc="13" el="23" ec="46" bec="0" bev="0" fileid="6" />
                <SequencePoint vc="8" uspid="237" ordinal="2" offset="8" sl="24" sc="9" el="24" ec="10" bec="0" bev="0" fileid="6" />
              </SequencePoints>
              <BranchPoints />
              <MethodPoint xsi:type="SequencePoint" vc="8" uspid="235" ordinal="0" offset="0" sl="22" sc="9" el="22" ec="10" bec="0" bev="0" fileid="6" />
            </Method>
            <Method visited="true" cyclomaticComplexity="1" nPathComplexity="0" sequenceCoverage="100" branchCoverage="100" crapScore="1" isConstructor="true" isStatic="false" isGetter="false" isSetter="false">
              <Summary numSequencePoints="2" visitedSequencePoints="2" numBranchPoints="1" visitedBranchPoints="1" sequenceCoverage="100" branchCoverage="100" maxCyclomaticComplexity="1" minCyclomaticComplexity="1" maxCrapScore="1" minCrapScore="1" visitedClasses="0" numClasses="0" visitedMethods="1" numMethods="1" />
              <MetadataToken>100663320</MetadataToken>
              <Name>System.Void PowerPoint.Tests.MockCommand::.ctor()</Name>
              <FileRef uid="6" />
              <SequencePoints>
                <SequencePoint vc="12" uspid="238" ordinal="0" offset="0" sl="11" sc="9" el="11" ec="46" bec="0" bev="0" fileid="6" />
                <SequencePoint vc="12" uspid="239" ordinal="1" offset="7" sl="12" sc="9" el="12" ec="55" bec="0" bev="0" fileid="6" />
              </SequencePoints>
              <BranchPoints />
              <MethodPoint xsi:type="SequencePoint" vc="12" uspid="238" ordinal="0" offset="0" sl="11" sc="9" el="11" ec="46" bec="0" bev="0" fileid="6" />
            </Method>
          </Methods>
        </Class>
        <Class>
          <Summary numSequencePoints="32" visitedSequencePoints="32" numBranchPoints="10" visitedBranchPoints="10" sequenceCoverage="100" branchCoverage="100" maxCyclomaticComplexity="1" minCyclomaticComplexity="1" maxCrapScore="1" minCrapScore="1" visitedClasses="1" numClasses="1" visitedMethods="10" numMethods="10" />
          <FullName>PowerPoint.Tests.MockGraphics</FullName>
          <Methods>
            <Method visited="true" cyclomaticComplexity="1" nPathComplexity="0" sequenceCoverage="100" branchCoverage="100" crapScore="1" isConstructor="false" isStatic="false" isGetter="true" isSetter="false">
              <Summary numSequencePoints="1" visitedSequencePoints="1" numBranchPoints="1" visitedBranchPoints="1" sequenceCoverage="100" branchCoverage="100" maxCyclomaticComplexity="1" minCyclomaticComplexity="1" maxCrapScore="1" minCrapScore="1" visitedClasses="0" numClasses="0" visitedMethods="1" numMethods="1" />
              <MetadataToken>100663321</MetadataToken>
              <Name>PowerPoint.Point PowerPoint.Tests.MockGraphics::get__startPoint()</Name>
              <FileRef uid="7" />
              <SequencePoints>
                <SequencePoint vc="12" uspid="240" ordinal="0" offset="0" sl="14" sc="13" el="14" ec="17" bec="0" bev="0" fileid="7" />
              </SequencePoints>
              <BranchPoints />
              <MethodPoint xsi:type="SequencePoint" vc="12" uspid="240" ordinal="0" offset="0" sl="14" sc="13" el="14" ec="17" bec="0" bev="0" fileid="7" />
            </Method>
            <Method visited="true" cyclomaticComplexity="1" nPathComplexity="0" sequenceCoverage="100" branchCoverage="100" crapScore="1" isConstructor="false" isStatic="false" isGetter="false" isSetter="true">
              <Summary numSequencePoints="1" visitedSequencePoints="1" numBranchPoints="1" visitedBranchPoints="1" sequenceCoverage="100" branchCoverage="100" maxCyclomaticComplexity="1" minCyclomaticComplexity="1" maxCrapScore="1" minCrapScore="1" visitedClasses="0" numClasses="0" visitedMethods="1" numMethods="1" />
              <MetadataToken>100663322</MetadataToken>
              <Name>System.Void PowerPoint.Tests.MockGraphics::set__startPoint(PowerPoint.Point)</Name>
              <FileRef uid="7" />
              <SequencePoints>
                <SequencePoint vc="28" uspid="241" ordinal="0" offset="0" sl="15" sc="13" el="15" ec="25" bec="0" bev="0" fileid="7" />
              </SequencePoints>
              <BranchPoints />
              <MethodPoint xsi:type="SequencePoint" vc="28" uspid="241" ordinal="0" offset="0" sl="15" sc="13" el="15" ec="25" bec="0" bev="0" fileid="7" />
            </Method>
            <Method visited="true" cyclomaticComplexity="1" nPathComplexity="0" sequenceCoverage="100" branchCoverage="100" crapScore="1" isConstructor="false" isStatic="false" isGetter="true" isSetter="false">
              <Summary numSequencePoints="1" visitedSequencePoints="1" numBranchPoints="1" visitedBranchPoints="1" sequenceCoverage="100" branchCoverage="100" maxCyclomaticComplexity="1" minCyclomaticComplexity="1" maxCrapScore="1" minCrapScore="1" visitedClasses="0" numClasses="0" visitedMethods="1" numMethods="1" />
              <MetadataToken>100663323</MetadataToken>
              <Name>PowerPoint.Point PowerPoint.Tests.MockGraphics::get__endPoint()</Name>
              <FileRef uid="7" />
              <SequencePoints>
                <SequencePoint vc="12" uspid="242" ordinal="0" offset="0" sl="19" sc="13" el="19" ec="17" bec="0" bev="0" fileid="7" />
              </SequencePoints>
              <BranchPoints />
              <MethodPoint xsi:type="SequencePoint" vc="12" uspid="242" ordinal="0" offset="0" sl="19" sc="13" el="19" ec="17" bec="0" bev="0" fileid="7" />
            </Method>
            <Method visited="true" cyclomaticComplexity="1" nPathComplexity="0" sequenceCoverage="100" branchCoverage="100" crapScore="1" isConstructor="false" isStatic="false" isGetter="false" isSetter="true">
              <Summary numSequencePoints="1" visitedSequencePoints="1" numBranchPoints="1" visitedBranchPoints="1" sequenceCoverage="100" branchCoverage="100" maxCyclomaticComplexity="1" minCyclomaticComplexity="1" maxCrapScore="1" minCrapScore="1" visitedClasses="0" numClasses="0" visitedMethods="1" numMethods="1" />
              <MetadataToken>100663324</MetadataToken>
              <Name>System.Void PowerPoint.Tests.MockGraphics::set__endPoint(PowerPoint.Point)</Name>
              <FileRef uid="7" />
              <SequencePoints>
                <SequencePoint vc="28" uspid="243" ordinal="0" offset="0" sl="20" sc="13" el="20" ec="25" bec="0" bev="0" fileid="7" />
              </SequencePoints>
              <BranchPoints />
              <MethodPoint xsi:type="SequencePoint" vc="28" uspid="243" ordinal="0" offset="0" sl="20" sc="13" el="20" ec="25" bec="0" bev="0" fileid="7" />
            </Method>
            <Method visited="true" cyclomaticComplexity="1" nPathComplexity="0" sequenceCoverage="100" branchCoverage="100" crapScore="1" isConstructor="false" isStatic="false" isGetter="false" isSetter="false">
              <Summary numSequencePoints="3" visitedSequencePoints="3" numBranchPoints="1" visitedBranchPoints="1" sequenceCoverage="100" branchCoverage="100" maxCyclomaticComplexity="1" minCyclomaticComplexity="1" maxCrapScore="1" minCrapScore="1" visitedClasses="0" numClasses="0" visitedMethods="1" numMethods="1" />
              <MetadataToken>100663325</MetadataToken>
              <Name>System.Void PowerPoint.Tests.MockGraphics::ClearAll()</Name>
              <FileRef uid="7" />
              <SequencePoints>
                <SequencePoint vc="4" uspid="244" ordinal="0" offset="0" sl="30" sc="9" el="30" ec="10" bec="0" bev="0" fileid="7" />
                <SequencePoint vc="4" uspid="245" ordinal="1" offset="1" sl="31" sc="13" el="31" ec="38" bec="0" bev="0" fileid="7" />
                <SequencePoint vc="4" uspid="246" ordinal="2" offset="8" sl="32" sc="9" el="32" ec="10" bec="0" bev="0" fileid="7" />
              </SequencePoints>
              <BranchPoints />
              <MethodPoint xsi:type="SequencePoint" vc="4" uspid="244" ordinal="0" offset="0" sl="30" sc="9" el="30" ec="10" bec="0" bev="0" fileid="7" />
            </Method>
            <Method visited="true" cyclomaticComplexity="1" nPathComplexity="0" sequenceCoverage="100" branchCoverage="100" crapScore="1" isConstructor="false" isStatic="false" isGetter="false" isSetter="false">
              <Summary numSequencePoints="5" visitedSequencePoints="5" numBranchPoints="1" visitedBranchPoints="1" sequenceCoverage="100" branchCoverage="100" maxCyclomaticComplexity="1" minCyclomaticComplexity="1" maxCrapScore="1" minCrapScore="1" visitedClasses="0" numClasses="0" visitedMethods="1" numMethods="1" />
              <MetadataToken>100663326</MetadataToken>
              <Name>System.Void PowerPoint.Tests.MockGraphics::DrawLine(System.Double,System.Double,System.Double,System.Double)</Name>
              <FileRef uid="7" />
              <SequencePoints>
                <SequencePoint vc="11" uspid="247" ordinal="0" offset="0" sl="36" sc="9" el="36" ec="10" bec="0" bev="0" fileid="7" />
                <SequencePoint vc="11" uspid="248" ordinal="1" offset="1" sl="37" sc="13" el="37" ec="63" bec="0" bev="0" fileid="7" />
                <SequencePoint vc="11" uspid="249" ordinal="2" offset="15" sl="38" sc="13" el="38" ec="63" bec="0" bev="0" fileid="7" />
                <SequencePoint vc="11" uspid="250" ordinal="3" offset="30" sl="39" sc="13" el="39" ec="38" bec="0" bev="0" fileid="7" />
                <SequencePoint vc="11" uspid="251" ordinal="4" offset="37" sl="40" sc="9" el="40" ec="10" bec="0" bev="0" fileid="7" />
              </SequencePoints>
              <BranchPoints />
              <MethodPoint xsi:type="SequencePoint" vc="11" uspid="247" ordinal="0" offset="0" sl="36" sc="9" el="36" ec="10" bec="0" bev="0" fileid="7" />
            </Method>
            <Method visited="true" cyclomaticComplexity="1" nPathComplexity="0" sequenceCoverage="100" branchCoverage="100" crapScore="1" isConstructor="false" isStatic="false" isGetter="false" isSetter="false">
              <Summary numSequencePoints="5" visitedSequencePoints="5" numBranchPoints="1" visitedBranchPoints="1" sequenceCoverage="100" branchCoverage="100" maxCyclomaticComplexity="1" minCyclomaticComplexity="1" maxCrapScore="1" minCrapScore="1" visitedClasses="0" numClasses="0" visitedMethods="1" numMethods="1" />
              <MetadataToken>100663327</MetadataToken>
              <Name>System.Void PowerPoint.Tests.MockGraphics::DrawRectangle(System.Double,System.Double,System.Double,System.Double)</Name>
              <FileRef uid="7" />
              <SequencePoints>
                <SequencePoint vc="2" uspid="252" ordinal="0" offset="0" sl="44" sc="9" el="44" ec="10" bec="0" bev="0" fileid="7" />
                <SequencePoint vc="2" uspid="253" ordinal="1" offset="1" sl="45" sc="13" el="45" ec="63" bec="0" bev="0" fileid="7" />
                <SequencePoint vc="2" uspid="254" ordinal="2" offset="15" sl="46" sc="13" el="46" ec="63" bec="0" bev="0" fileid="7" />
                <SequencePoint vc="2" uspid="255" ordinal="3" offset="30" sl="47" sc="13" el="47" ec="43" bec="0" bev="0" fileid="7" />
                <SequencePoint vc="2" uspid="256" ordinal="4" offset="37" sl="48" sc="9" el="48" ec="10" bec="0" bev="0" fileid="7" />
              </SequencePoints>
              <BranchPoints />
              <MethodPoint xsi:type="SequencePoint" vc="2" uspid="252" ordinal="0" offset="0" sl="44" sc="9" el="44" ec="10" bec="0" bev="0" fileid="7" />
            </Method>
            <Method visited="true" cyclomaticComplexity="1" nPathComplexity="0" sequenceCoverage="100" branchCoverage="100" crapScore="1" isConstructor="false" isStatic="false" isGetter="false" isSetter="false">
              <Summary numSequencePoints="5" visitedSequencePoints="5" numBranchPoints="1" visitedBranchPoints="1" sequenceCoverage="100" branchCoverage="100" maxCyclomaticComplexity="1" minCyclomaticComplexity="1" maxCrapScore="1" minCrapScore="1" visitedClasses="0" numClasses="0" visitedMethods="1" numMethods="1" />
              <MetadataToken>100663328</MetadataToken>
              <Name>System.Void PowerPoint.Tests.MockGraphics::DrawCircle(System.Double,System.Double,System.Double,System.Double)</Name>
              <FileRef uid="7" />
              <SequencePoints>
                <SequencePoint vc="5" uspid="257" ordinal="0" offset="0" sl="52" sc="9" el="52" ec="10" bec="0" bev="0" fileid="7" />
                <SequencePoint vc="5" uspid="258" ordinal="1" offset="1" sl="53" sc="13" el="53" ec="63" bec="0" bev="0" fileid="7" />
                <SequencePoint vc="5" uspid="259" ordinal="2" offset="15" sl="54" sc="13" el="54" ec="63" bec="0" bev="0" fileid="7" />
                <SequencePoint vc="5" uspid="260" ordinal="3" offset="30" sl="55" sc="13" el="55" ec="40" bec="0" bev="0" fileid="7" />
                <SequencePoint vc="5" uspid="261" ordinal="4" offset="37" sl="56" sc="9" el="56" ec="10" bec="0" bev="0" fileid="7" />
              </SequencePoints>
              <BranchPoints />
              <MethodPoint xsi:type="SequencePoint" vc="5" uspid="257" ordinal="0" offset="0" sl="52" sc="9" el="52" ec="10" bec="0" bev="0" fileid="7" />
            </Method>
            <Method visited="true" cyclomaticComplexity="1" nPathComplexity="0" sequenceCoverage="100" branchCoverage="100" crapScore="1" isConstructor="false" isStatic="false" isGetter="false" isSetter="false">
              <Summary numSequencePoints="5" visitedSequencePoints="5" numBranchPoints="1" visitedBranchPoints="1" sequenceCoverage="100" branchCoverage="100" maxCyclomaticComplexity="1" minCyclomaticComplexity="1" maxCrapScore="1" minCrapScore="1" visitedClasses="0" numClasses="0" visitedMethods="1" numMethods="1" />
              <MetadataToken>100663329</MetadataToken>
              <Name>System.Void PowerPoint.Tests.MockGraphics::DrawOuterFrame(System.Double,System.Double,System.Double,System.Double)</Name>
              <FileRef uid="7" />
              <SequencePoints>
                <SequencePoint vc="10" uspid="262" ordinal="0" offset="0" sl="60" sc="9" el="60" ec="10" bec="0" bev="0" fileid="7" />
                <SequencePoint vc="10" uspid="263" ordinal="1" offset="1" sl="61" sc="13" el="61" ec="63" bec="0" bev="0" fileid="7" />
                <SequencePoint vc="10" uspid="264" ordinal="2" offset="15" sl="62" sc="13" el="62" ec="63" bec="0" bev="0" fileid="7" />
                <SequencePoint vc="10" uspid="265" ordinal="3" offset="30" sl="63" sc="13" el="63" ec="44" bec="0" bev="0" fileid="7" />
                <SequencePoint vc="10" uspid="266" ordinal="4" offset="37" sl="64" sc="9" el="64" ec="10" bec="0" bev="0" fileid="7" />
              </SequencePoints>
              <BranchPoints />
              <MethodPoint xsi:type="SequencePoint" vc="10" uspid="262" ordinal="0" offset="0" sl="60" sc="9" el="60" ec="10" bec="0" bev="0" fileid="7" />
            </Method>
            <Method visited="true" cyclomaticComplexity="1" nPathComplexity="0" sequenceCoverage="100" branchCoverage="100" crapScore="1" isConstructor="true" isStatic="false" isGetter="false" isSetter="false">
              <Summary numSequencePoints="5" visitedSequencePoints="5" numBranchPoints="1" visitedBranchPoints="1" sequenceCoverage="100" branchCoverage="100" maxCyclomaticComplexity="1" minCyclomaticComplexity="1" maxCrapScore="1" minCrapScore="1" visitedClasses="0" numClasses="0" visitedMethods="1" numMethods="1" />
              <MetadataToken>100663330</MetadataToken>
              <Name>System.Void PowerPoint.Tests.MockGraphics::.ctor()</Name>
              <FileRef uid="7" />
              <SequencePoints>
                <SequencePoint vc="51" uspid="267" ordinal="0" offset="0" sl="22" sc="9" el="22" ec="47" bec="0" bev="0" fileid="7" />
                <SequencePoint vc="51" uspid="268" ordinal="1" offset="7" sl="23" sc="9" el="23" ec="47" bec="0" bev="0" fileid="7" />
                <SequencePoint vc="51" uspid="269" ordinal="2" offset="14" sl="24" sc="9" el="24" ec="52" bec="0" bev="0" fileid="7" />
                <SequencePoint vc="51" uspid="270" ordinal="3" offset="21" sl="25" sc="9" el="25" ec="49" bec="0" bev="0" fileid="7" />
                <SequencePoint vc="51" uspid="271" ordinal="4" offset="28" sl="26" sc="9" el="26" ec="53" bec="0" bev="0" fileid="7" />
              </SequencePoints>
              <BranchPoints />
              <MethodPoint xsi:type="SequencePoint" vc="51" uspid="267" ordinal="0" offset="0" sl="22" sc="9" el="22" ec="47" bec="0" bev="0" fileid="7" />
            </Method>
          </Methods>
        </Class>
        <Class>
          <Summary numSequencePoints="18" visitedSequencePoints="18" numBranchPoints="6" visitedBranchPoints="6" sequenceCoverage="100" branchCoverage="100" maxCyclomaticComplexity="1" minCyclomaticComplexity="1" maxCrapScore="2" minCrapScore="1" visitedClasses="1" numClasses="1" visitedMethods="6" numMethods="6" />
          <FullName>PowerPoint.Tests.MockModel</FullName>
          <Methods>
            <Method visited="true" cyclomaticComplexity="1" nPathComplexity="0" sequenceCoverage="100" branchCoverage="100" crapScore="1" isConstructor="false" isStatic="false" isGetter="false" isSetter="false">
              <Summary numSequencePoints="3" visitedSequencePoints="3" numBranchPoints="1" visitedBranchPoints="1" sequenceCoverage="100" branchCoverage="100" maxCyclomaticComplexity="1" minCyclomaticComplexity="1" maxCrapScore="1" minCrapScore="1" visitedClasses="0" numClasses="0" visitedMethods="1" numMethods="1" />
              <MetadataToken>100663331</MetadataToken>
              <Name>System.Boolean PowerPoint.Tests.MockModel::SetPaintWhichShape(System.String)</Name>
              <FileRef uid="8" />
              <SequencePoints>
                <SequencePoint vc="1" uspid="272" ordinal="0" offset="0" sl="13" sc="9" el="13" ec="10" bec="0" bev="0" fileid="8" />
                <SequencePoint vc="1" uspid="273" ordinal="1" offset="1" sl="14" sc="13" el="14" ec="25" bec="0" bev="0" fileid="8" />
                <SequencePoint vc="1" uspid="274" ordinal="2" offset="5" sl="15" sc="9" el="15" ec="10" bec="0" bev="0" fileid="8" />
              </SequencePoints>
              <BranchPoints />
              <MethodPoint xsi:type="SequencePoint" vc="1" uspid="272" ordinal="0" offset="0" sl="13" sc="9" el="13" ec="10" bec="0" bev="0" fileid="8" />
            </Method>
            <Method visited="true" cyclomaticComplexity="1" nPathComplexity="0" sequenceCoverage="100" branchCoverage="100" crapScore="1" isConstructor="false" isStatic="false" isGetter="false" isSetter="false">
              <Summary numSequencePoints="3" visitedSequencePoints="3" numBranchPoints="1" visitedBranchPoints="1" sequenceCoverage="100" branchCoverage="100" maxCyclomaticComplexity="1" minCyclomaticComplexity="1" maxCrapScore="1" minCrapScore="1" visitedClasses="0" numClasses="0" visitedMethods="1" numMethods="1" />
              <MetadataToken>100663332</MetadataToken>
              <Name>System.Boolean PowerPoint.Tests.MockModel::SetPointerState(System.String)</Name>
              <FileRef uid="8" />
              <SequencePoints>
                <SequencePoint vc="1" uspid="275" ordinal="0" offset="0" sl="19" sc="9" el="19" ec="10" bec="0" bev="0" fileid="8" />
                <SequencePoint vc="1" uspid="276" ordinal="1" offset="1" sl="20" sc="13" el="20" ec="25" bec="0" bev="0" fileid="8" />
                <SequencePoint vc="1" uspid="277" ordinal="2" offset="5" sl="21" sc="9" el="21" ec="10" bec="0" bev="0" fileid="8" />
              </SequencePoints>
              <BranchPoints />
              <MethodPoint xsi:type="SequencePoint" vc="1" uspid="275" ordinal="0" offset="0" sl="19" sc="9" el="19" ec="10" bec="0" bev="0" fileid="8" />
            </Method>
            <Method visited="true" cyclomaticComplexity="1" nPathComplexity="0" sequenceCoverage="100" branchCoverage="100" crapScore="1" isConstructor="false" isStatic="false" isGetter="false" isSetter="false">
              <Summary numSequencePoints="3" visitedSequencePoints="3" numBranchPoints="1" visitedBranchPoints="1" sequenceCoverage="100" branchCoverage="100" maxCyclomaticComplexity="1" minCyclomaticComplexity="1" maxCrapScore="1" minCrapScore="1" visitedClasses="0" numClasses="0" visitedMethods="1" numMethods="1" />
              <MetadataToken>100663333</MetadataToken>
              <Name>System.Boolean PowerPoint.Tests.MockModel::SelectNoGraph()</Name>
              <FileRef uid="8" />
              <SequencePoints>
                <SequencePoint vc="1" uspid="278" ordinal="0" offset="0" sl="25" sc="9" el="25" ec="10" bec="0" bev="0" fileid="8" />
                <SequencePoint vc="1" uspid="279" ordinal="1" offset="1" sl="26" sc="13" el="26" ec="25" bec="0" bev="0" fileid="8" />
                <SequencePoint vc="1" uspid="280" ordinal="2" offset="5" sl="27" sc="9" el="27" ec="10" bec="0" bev="0" fileid="8" />
              </SequencePoints>
              <BranchPoints />
              <MethodPoint xsi:type="SequencePoint" vc="1" uspid="278" ordinal="0" offset="0" sl="25" sc="9" el="25" ec="10" bec="0" bev="0" fileid="8" />
[...]
              <MetadataToken>100663535</MetadataToken>
              <Name>System.Void PowerPoint.PresentationModel.PresentationModel::HandleCanvasMoved(System.Double,System.Double,System.Int32,System.Int32)</Name>
              <FileRef uid="58" />
              <SequencePoints>
                <SequencePoint vc="1" uspid="2584" ordinal="0" offset="0" sl="45" sc="9" el="45" ec="10" bec="0" bev="0" fileid="58" />
                <SequencePoint vc="1" uspid="2585" ordinal="1" offset="1" sl="46" sc="13" el="46" ec="121" bec="0" bev="0" fileid="58" />
                <SequencePoint vc="1" uspid="2586" ordinal="2" offset="30" sl="47" sc="13" el="47" ec="25" bec="0" bev="0" fileid="58" />
                <SequencePoint vc="1" uspid="2587" ordinal="3" offset="37" sl="48" sc="9" el="48" ec="10" bec="0" bev="0" fileid="58" />
              </SequencePoints>
              <BranchPoints />
              <MethodPoint xsi:type="SequencePoint" vc="1" uspid="2584" ordinal="0" offset="0" sl="45" sc="9" el="45" ec="10" bec="0" bev="0" fileid="58" />
            </Method>
            <Method visited="true" cyclomaticComplexity="1" nPathComplexity="0" sequenceCoverage="100" branchCoverage="100" crapScore="1" isConstructor="false" isStatic="false" isGetter="false" isSetter="false">
              <Summary numSequencePoints="11" visitedSequencePoints="11" numBranchPoints="1" visitedBranchPoints="1" sequenceCoverage="100" branchCoverage="100" maxCyclomaticComplexity="1" minCyclomaticComplexity="1" maxCrapScore="1" minCrapScore="1" visitedClasses="0" numClasses="0" visitedMethods="1" numMethods="1" />
              <MetadataToken>100663536</MetadataToken>
              <Name>System.Void PowerPoint.PresentationModel.PresentationModel::ClickToolButton(System.String)</Name>
              <FileRef uid="58" />
              <SequencePoints>
                <SequencePoint vc="4" uspid="2588" ordinal="0" offset="0" sl="52" sc="9" el="52" ec="10" bec="0" bev="0" fileid="58" />
                <SequencePoint vc="4" uspid="2589" ordinal="1" offset="1" sl="53" sc="13" el="53" ec="36" bec="0" bev="0" fileid="58" />
                <SequencePoint vc="4" uspid="2590" ordinal="2" offset="8" sl="54" sc="13" el="54" ec="41" bec="0" bev="0" fileid="58" />
                <SequencePoint vc="4" uspid="2591" ordinal="3" offset="15" sl="55" sc="13" el="55" ec="38" bec="0" bev="0" fileid="58" />
                <SequencePoint vc="4" uspid="2592" ordinal="4" offset="22" sl="56" sc="13" el="56" ec="38" bec="0" bev="0" fileid="58" />
                <SequencePoint vc="4" uspid="2593" ordinal="5" offset="29" sl="57" sc="13" el="57" ec="36" bec="0" bev="0" fileid="58" />
                <SequencePoint vc="4" uspid="2594" ordinal="6" offset="41" sl="58" sc="13" el="58" ec="50" bec="0" bev="0" fileid="58" />
                <SequencePoint vc="4" uspid="2595" ordinal="7" offset="54" sl="59" sc="13" el="59" ec="47" bec="0" bev="0" fileid="58" />
                <SequencePoint vc="4" uspid="2596" ordinal="8" offset="67" sl="60" sc="13" el="60" ec="47" bec="0" bev="0" fileid="58" />
                <SequencePoint vc="4" uspid="2597" ordinal="9" offset="75" sl="61" sc="13" el="61" ec="32" bec="0" bev="0" fileid="58" />
                <SequencePoint vc="4" uspid="2598" ordinal="10" offset="82" sl="62" sc="9" el="62" ec="10" bec="0" bev="0" fileid="58" />
              </SequencePoints>
              <BranchPoints />
              <MethodPoint xsi:type="SequencePoint" vc="4" uspid="2588" ordinal="0" offset="0" sl="52" sc="9" el="52" ec="10" bec="0" bev="0" fileid="58" />
            </Method>
            <Method visited="true" cyclomaticComplexity="5" nPathComplexity="16" sequenceCoverage="91.67" branchCoverage="88.89" crapScore="5.01" isConstructor="false" isStatic="false" isGetter="false" isSetter="false">
              <Summary numSequencePoints="12" visitedSequencePoints="11" numBranchPoints="9" visitedBranchPoints="8" sequenceCoverage="91.67" branchCoverage="88.89" maxCyclomaticComplexity="5" minCyclomaticComplexity="5" maxCrapScore="5.01" minCrapScore="5.01" visitedClasses="0" numClasses="0" visitedMethods="1" numMethods="1" />
              <MetadataToken>100663537</MetadataToken>
              <Name>System.Void PowerPoint.PresentationModel.PresentationModel::PressedWhichToolButton(System.String)</Name>
              <FileRef uid="58" />
              <SequencePoints>
                <SequencePoint vc="4" uspid="2599" ordinal="0" offset="0" sl="66" sc="9" el="66" ec="10" bec="0" bev="0" fileid="58" />
                <SequencePoint vc="4" uspid="2600" ordinal="1" offset="1" sl="67" sc="13" el="67" ec="31" bec="8" bev="7" fileid="58" />
                <SequencePoint vc="1" uspid="2601" ordinal="2" offset="59" sl="70" sc="21" el="70" ec="43" bec="0" bev="0" fileid="58" />
                <SequencePoint vc="1" uspid="2602" ordinal="3" offset="66" sl="71" sc="21" el="71" ec="28" bec="0" bev="0" fileid="58" />
                <SequencePoint vc="1" uspid="2603" ordinal="4" offset="68" sl="73" sc="21" el="73" ec="48" bec="0" bev="0" fileid="58" />
                <SequencePoint vc="1" uspid="2604" ordinal="5" offset="75" sl="74" sc="21" el="74" ec="28" bec="0" bev="0" fileid="58" />
                <SequencePoint vc="1" uspid="2605" ordinal="6" offset="77" sl="76" sc="21" el="76" ec="45" bec="0" bev="0" fileid="58" />
                <SequencePoint vc="1" uspid="2606" ordinal="7" offset="84" sl="77" sc="21" el="77" ec="28" bec="0" bev="0" fileid="58" />
                <SequencePoint vc="1" uspid="2607" ordinal="8" offset="86" sl="79" sc="21" el="79" ec="45" bec="0" bev="0" fileid="58" />
                <SequencePoint vc="1" uspid="2608" ordinal="9" offset="93" sl="80" sc="21" el="80" ec="28" bec="0" bev="0" fileid="58" />
                <SequencePoint vc="0" uspid="2609" ordinal="10" offset="95" sl="82" sc="13" el="82" ec="32" bec="0" bev="0" fileid="58" />
                <SequencePoint vc="4" uspid="2610" ordinal="11" offset="102" sl="83" sc="9" el="83" ec="10" bec="0" bev="0" fileid="58" />
              </SequencePoints>
              <BranchPoints>
                <BranchPoint vc="3" uspid="2611" ordinal="0" offset="16" sl="67" path="0" offsetend="18" fileid="58" />
                <BranchPoint vc="1" uspid="2612" ordinal="1" offset="16" sl="67" path="1" offsetend="59" fileid="58" />
                <BranchPoint vc="2" uspid="2613" ordinal="2" offset="29" sl="67" path="0" offsetend="31" fileid="58" />
                <BranchPoint vc="1" uspid="2614" ordinal="3" offset="29" sl="67" path="1" offsetend="68" fileid="58" />
                <BranchPoint vc="1" uspid="2615" ordinal="4" offset="42" sl="67" path="0" offsetend="44" fileid="58" />
                <BranchPoint vc="1" uspid="2616" ordinal="5" offset="42" sl="67" path="1" offsetend="77" fileid="58" />
                <BranchPoint vc="0" uspid="2617" ordinal="6" offset="55" sl="67" path="0" offsetchain="57" offsetend="95" fileid="58" />
                <BranchPoint vc="1" uspid="2618" ordinal="7" offset="55" sl="67" path="1" offsetend="86" fileid="58" />
              </BranchPoints>
              <MethodPoint xsi:type="SequencePoint" vc="4" uspid="2599" ordinal="0" offset="0" sl="66" sc="9" el="66" ec="10" bec="0" bev="0" fileid="58" />
            </Method>
            <Method visited="true" cyclomaticComplexity="2" nPathComplexity="2" sequenceCoverage="50" branchCoverage="66.67" crapScore="2.50" isConstructor="false" isStatic="false" isGetter="false" isSetter="false">
              <Summary numSequencePoints="6" visitedSequencePoints="3" numBranchPoints="3" visitedBranchPoints="2" sequenceCoverage="50" branchCoverage="66.67" maxCyclomaticComplexity="2" minCyclomaticComplexity="2" maxCrapScore="2.50" minCrapScore="2.50" visitedClasses="0" numClasses="0" visitedMethods="1" numMethods="1" />
              <MetadataToken>100663538</MetadataToken>
              <Name>System.Void PowerPoint.PresentationModel.PresentationModel::SetToolBarStatus()</Name>
              <FileRef uid="58" />
              <SequencePoints>
                <SequencePoint vc="5" uspid="2619" ordinal="0" offset="0" sl="87" sc="9" el="87" ec="10" bec="0" bev="0" fileid="58" />
                <SequencePoint vc="5" uspid="2620" ordinal="1" offset="1" sl="88" sc="13" el="88" ec="47" bec="2" bev="1" fileid="58" />
                <SequencePoint vc="0" uspid="2621" ordinal="2" offset="14" sl="89" sc="13" el="89" ec="14" bec="0" bev="0" fileid="58" />
                <SequencePoint vc="0" uspid="2622" ordinal="3" offset="15" sl="90" sc="17" el="90" ec="112" bec="0" bev="0" fileid="58" />
                <SequencePoint vc="0" uspid="2623" ordinal="4" offset="51" sl="91" sc="13" el="91" ec="14" bec="0" bev="0" fileid="58" />
                <SequencePoint vc="5" uspid="2624" ordinal="5" offset="52" sl="92" sc="9" el="92" ec="10" bec="0" bev="0" fileid="58" />
              </SequencePoints>
              <BranchPoints>
                <BranchPoint vc="0" uspid="2625" ordinal="0" offset="12" sl="88" path="0" offsetend="14" fileid="58" />
                <BranchPoint vc="5" uspid="2626" ordinal="1" offset="12" sl="88" path="1" offsetend="52" fileid="58" />
              </BranchPoints>
              <MethodPoint xsi:type="SequencePoint" vc="5" uspid="2619" ordinal="0" offset="0" sl="87" sc="9" el="87" ec="10" bec="0" bev="0" fileid="58" />
            </Method>
            <Method visited="true" cyclomaticComplexity="3" nPathComplexity="4" sequenceCoverage="75" branchCoverage="60" crapScore="3.14" isConstructor="false" isStatic="false" isGetter="false" isSetter="false">
              <Summary numSequencePoints="8" visitedSequencePoints="6" numBranchPoints="5" visitedBranchPoints="3" sequenceCoverage="75" branchCoverage="60" maxCyclomaticComplexity="3" minCyclomaticComplexity="3" maxCrapScore="3.14" minCrapScore="3.14" visitedClasses="0" numClasses="0" visitedMethods="1" numMethods="1" />
              <MetadataToken>100663539</MetadataToken>
              <Name>System.Windows.Forms.Cursor PowerPoint.PresentationModel.PresentationModel::SetCursor()</Name>
              <FileRef uid="58" />
              <SequencePoints>
                <SequencePoint vc="1" uspid="2627" ordinal="0" offset="0" sl="96" sc="9" el="96" ec="10" bec="0" bev="0" fileid="58" />
                <SequencePoint vc="1" uspid="2628" ordinal="1" offset="1" sl="97" sc="13" el="97" ec="42" bec="2" bev="1" fileid="58" />
                <SequencePoint vc="1" uspid="2629" ordinal="2" offset="11" sl="98" sc="13" el="98" ec="14" bec="0" bev="0" fileid="58" />
                <SequencePoint vc="1" uspid="2630" ordinal="3" offset="12" sl="99" sc="17" el="99" ec="42" bec="2" bev="1" fileid="58" />
                <SequencePoint vc="0" uspid="2631" ordinal="4" offset="27" sl="100" sc="21" el="100" ec="45" bec="0" bev="0" fileid="58" />
                <SequencePoint vc="1" uspid="2632" ordinal="5" offset="35" sl="102" sc="21" el="102" ec="44" bec="0" bev="0" fileid="58" />
                <SequencePoint vc="0" uspid="2633" ordinal="6" offset="43" sl="105" sc="17" el="105" ec="38" bec="0" bev="0" fileid="58" />
                <SequencePoint vc="1" uspid="2634" ordinal="7" offset="51" sl="106" sc="9" el="106" ec="10" bec="0" bev="0" fileid="58" />
              </SequencePoints>
              <BranchPoints>
                <BranchPoint vc="1" uspid="2635" ordinal="0" offset="9" sl="97" path="0" offsetend="11" fileid="58" />
                <BranchPoint vc="0" uspid="2636" ordinal="1" offset="9" sl="97" path="1" offsetend="43" fileid="58" />
                <BranchPoint vc="0" uspid="2637" ordinal="2" offset="25" sl="99" path="0" offsetend="27" fileid="58" />
                <BranchPoint vc="1" uspid="2638" ordinal="3" offset="25" sl="99" path="1" offsetend="35" fileid="58" />
              </BranchPoints>
              <MethodPoint xsi:type="SequencePoint" vc="1" uspid="2627" ordinal="0" offset="0" sl="96" sc="9" el="96" ec="10" bec="0" bev="0" fileid="58" />
            </Method>
            <Method visited="false" cyclomaticComplexity="1" nPathComplexity="0" sequenceCoverage="0" branchCoverage="0" crapScore="2" isConstructor="false" isStatic="false" isGetter="false" isSetter="false">
              <Summary numSequencePoints="3" visitedSequencePoints="0" numBranchPoints="1" visitedBranchPoints="0" sequenceCoverage="0" branchCoverage="0" maxCyclomaticComplexity="1" minCyclomaticComplexity="1" maxCrapScore="2" minCrapScore="2" visitedClasses="0" numClasses="0" visitedMethods="0" numMethods="1" />
              <MetadataToken>100663540</MetadataToken>
              <Name>System.Void PowerPoint.PresentationModel.PresentationModel::Draw(System.Drawing.Graphics,System.Int32,System.Int32)</Name>
              <FileRef uid="58" />
              <SequencePoints>
                <SequencePoint vc="0" uspid="2639" ordinal="0" offset="0" sl="110" sc="9" el="110" ec="10" bec="0" bev="0" fileid="58" />
                <SequencePoint vc="0" uspid="2640" ordinal="1" offset="1" sl="111" sc="13" el="111" ec="131" bec="0" bev="0" fileid="58" />
                <SequencePoint vc="0" uspid="2641" ordinal="2" offset="33" sl="112" sc="9" el="112" ec="10" bec="0" bev="0" fileid="58" />
              </SequencePoints>
              <BranchPoints />
              <MethodPoint xsi:type="SequencePoint" vc="0" uspid="2639" ordinal="0" offset="0" sl="110" sc="9" el="110" ec="10" bec="0" bev="0" fileid="58" />
            </Method>
            <Method visited="true" cyclomaticComplexity="1" nPathComplexity="0" sequenceCoverage="100" branchCoverage="100" crapScore="1" isConstructor="false" isStatic="false" isGetter="false" isSetter="false">
              <Summary numSequencePoints="4" visitedSequencePoints="4" numBranchPoints="1" visitedBranchPoints="1" sequenceCoverage="100" branchCoverage="100" maxCyclomaticComplexity="1" minCyclomaticComplexity="1" maxCrapScore="1" minCrapScore="1" visitedClasses="0" numClasses="0" visitedMethods="1" numMethods="1" />
              <MetadataToken>100663541</MetadataToken>
              <Name>System.Double PowerPoint.PresentationModel.PresentationModel::ConvertScaleStoreX(System.Int32,System.Double)</Name>
              <FileRef uid="58" />
              <SequencePoints>
                <SequencePoint vc="3" uspid="2642" ordinal="0" offset="0" sl="116" sc="9" el="116" ec="10" bec="0" bev="0" fileid="58" />
                <SequencePoint vc="3" uspid="2643" ordinal="1" offset="1" sl="117" sc="13" el="117" ec="81" bec="0" bev="0" fileid="58" />
                <SequencePoint vc="3" uspid="2644" ordinal="2" offset="16" sl="118" sc="13" el="118" ec="28" bec="0" bev="0" fileid="58" />
                <SequencePoint vc="3" uspid="2645" ordinal="3" offset="20" sl="119" sc="9" el="119" ec="10" bec="0" bev="0" fileid="58" />
              </SequencePoints>
              <BranchPoints />
              <MethodPoint xsi:type="SequencePoint" vc="3" uspid="2642" ordinal="0" offset="0" sl="116" sc="9" el="116" ec="10" bec="0" bev="0" fileid="58" />
            </Method>
            <Method visited="true" cyclomaticComplexity="1" nPathComplexity="0" sequenceCoverage="100" branchCoverage="100" crapScore="1" isConstructor="false" isStatic="false" isGetter="false" isSetter="false">
              <Summary numSequencePoints="4" visitedSequencePoints="4" numBranchPoints="1" visitedBranchPoints="1" sequenceCoverage="100" branchCoverage="100" maxCyclomaticComplexity="1" minCyclomaticComplexity="1" maxCrapScore="1" minCrapScore="1" visitedClasses="0" numClasses="0" visitedMethods="1" numMethods="1" />
              <MetadataToken>100663542</MetadataToken>
              <Name>System.Double PowerPoint.PresentationModel.PresentationModel::ConvertScaleStoreY(System.Int32,System.Double)</Name>
              <FileRef uid="58" />
              <SequencePoints>
                <SequencePoint vc="3" uspid="2646" ordinal="0" offset="0" sl="123" sc="9" el="123" ec="10" bec="0" bev="0" fileid="58" />
                <SequencePoint vc="3" uspid="2647" ordinal="1" offset="1" sl="124" sc="13" el="124" ec="83" bec="0" bev="0" fileid="58" />
                <SequencePoint vc="3" uspid="2648" ordinal="2" offset="16" sl="125" sc="13" el="125" ec="28" bec="0" bev="0" fileid="58" />
                <SequencePoint vc="3" uspid="2649" ordinal="3" offset="20" sl="126" sc="9" el="126" ec="10" bec="0" bev="0" fileid="58" />
              </SequencePoints>
              <BranchPoints />
              <MethodPoint xsi:type="SequencePoint" vc="3" uspid="2646" ordinal="0" offset="0" sl="123" sc="9" el="123" ec="10" bec="0" bev="0" fileid="58" />
            </Method>
            <Method visited="false" cyclomaticComplexity="1" nPathComplexity="0" sequenceCoverage="0" branchCoverage="0" crapScore="2" isConstructor="false" isStatic="false" isGetter="false" isSetter="false">
              <Summary numSequencePoints="4" visitedSequencePoints="0" numBranchPoints="1" visitedBranchPoints="0" sequenceCoverage="0" branchCoverage="0" maxCyclomaticComplexity="1" minCyclomaticComplexity="1" maxCrapScore="2" minCrapScore="2" visitedClasses="0" numClasses="0" visitedMethods="0" numMethods="1" />
              <MetadataToken>100663543</MetadataToken>
              <Name>System.Double PowerPoint.PresentationModel.PresentationModel::ConvertScaleDrawX(System.Int32)</Name>
              <FileRef uid="58" />
              <SequencePoints>
                <SequencePoint vc="0" uspid="2650" ordinal="0" offset="0" sl="130" sc="9" el="130" ec="10" bec="0" bev="0" fileid="58" />
                <SequencePoint vc="0" uspid="2651" ordinal="1" offset="1" sl="131" sc="13" el="131" ec="74" bec="0" bev="0" fileid="58" />
                <SequencePoint vc="0" uspid="2652" ordinal="2" offset="14" sl="132" sc="13" el="132" ec="27" bec="0" bev="0" fileid="58" />
                <SequencePoint vc="0" uspid="2653" ordinal="3" offset="18" sl="133" sc="9" el="133" ec="10" bec="0" bev="0" fileid="58" />
              </SequencePoints>
              <BranchPoints />
              <MethodPoint xsi:type="SequencePoint" vc="0" uspid="2650" ordinal="0" offset="0" sl="130" sc="9" el="130" ec="10" bec="0" bev="0" fileid="58" />
            </Method>
            <Method visited="false" cyclomaticComplexity="1" nPathComplexity="0" sequenceCoverage="0" branchCoverage="0" crapScore="2" isConstructor="false" isStatic="false" isGetter="false" isSetter="false">
              <Summary numSequencePoints="4" visitedSequencePoints="0" numBranchPoints="1" visitedBranchPoints="0" sequenceCoverage="0" branchCoverage="0" maxCyclomaticComplexity="1" minCyclomaticComplexity="1" maxCrapScore="2" minCrapScore="2" visitedClasses="0" numClasses="0" visitedMethods="0" numMethods="1" />
              <MetadataToken>100663544</MetadataToken>
              <Name>System.Double PowerPoint.PresentationModel.PresentationModel::ConvertScaleDrawY(System.Int32)</Name>
              <FileRef uid="58" />
              <SequencePoints>
                <SequencePoint vc="0" uspid="2654" ordinal="0" offset="0" sl="137" sc="9" el="137" ec="10" bec="0" bev="0" fileid="58" />
                <SequencePoint vc="0" uspid="2655" ordinal="1" offset="1" sl="138" sc="13" el="138" ec="76" bec="0" bev="0" fileid="58" />
                <SequencePoint vc="0" uspid="2656" ordinal="2" offset="14" sl="139" sc="13" el="139" ec="27" bec="0" bev="0" fileid="58" />
                <SequencePoint vc="0" uspid="2657" ordinal="3" offset="18" sl="140" sc="9" el="140" ec="10" bec="0" bev="0" fileid="58" />
              </SequencePoints>
              <BranchPoints />
              <MethodPoint xsi:type="SequencePoint" vc="0" uspid="2654" ordinal="0" offset="0" sl="137" sc="9" el="137" ec="10" bec="0" bev="0" fileid="58" />
            </Method>
          </Methods>
        </Class>
      </Classes>
    </Module>
  </Modules>
</CoverageSession>